{"/Users/AbdullahMohsin/Documents/Code/task-management/backend/app.js": {"path":"/Users/AbdullahMohsin/Documents/Code/task-management/backend/app.js","statementMap":{"0":{"start":{"line":1,"column":16},"end":{"line":1,"column":34}},"1":{"start":{"line":2,"column":13},"end":{"line":2,"column":28}},"2":{"start":{"line":3,"column":0},"end":{"line":3,"column":27}},"3":{"start":{"line":4,"column":12},"end":{"line":4,"column":21}},"4":{"start":{"line":5,"column":13},"end":{"line":5,"column":28}},"5":{"start":{"line":6,"column":21},"end":{"line":6,"column":45}},"6":{"start":{"line":8,"column":0},"end":{"line":10,"column":1}},"7":{"start":{"line":9,"column":2},"end":{"line":9,"column":29}},"8":{"start":{"line":11,"column":0},"end":{"line":16,"column":2}},"9":{"start":{"line":18,"column":0},"end":{"line":18,"column":56}},"10":{"start":{"line":20,"column":0},"end":{"line":20,"column":24}},"11":{"start":{"line":21,"column":0},"end":{"line":21,"column":63}},"12":{"start":{"line":22,"column":0},"end":{"line":22,"column":24}},"13":{"start":{"line":24,"column":0},"end":{"line":24,"column":55}},"14":{"start":{"line":25,"column":0},"end":{"line":25,"column":55}},"15":{"start":{"line":26,"column":0},"end":{"line":26,"column":57}},"16":{"start":{"line":27,"column":0},"end":{"line":27,"column":57}},"17":{"start":{"line":28,"column":0},"end":{"line":28,"column":73}},"18":{"start":{"line":30,"column":0},"end":{"line":32,"column":3}},"19":{"start":{"line":31,"column":2},"end":{"line":31,"column":61}},"20":{"start":{"line":34,"column":0},"end":{"line":34,"column":49}},"21":{"start":{"line":35,"column":0},"end":{"line":35,"column":46}},"22":{"start":{"line":37,"column":0},"end":{"line":37,"column":21}}},"fnMap":{"0":{"name":"(anonymous_0)","decl":{"start":{"line":30,"column":13},"end":{"line":30,"column":14}},"loc":{"start":{"line":30,"column":27},"end":{"line":32,"column":1}},"line":30}},"branchMap":{"0":{"loc":{"start":{"line":8,"column":0},"end":{"line":10,"column":1}},"type":"if","locations":[{"start":{"line":8,"column":0},"end":{"line":10,"column":1}},{"start":{},"end":{}}],"line":8}},"s":{"0":6,"1":6,"2":6,"3":6,"4":6,"5":6,"6":6,"7":0,"8":6,"9":6,"10":6,"11":6,"12":6,"13":6,"14":6,"15":6,"16":6,"17":6,"18":6,"19":0,"20":6,"21":6,"22":6},"f":{"0":0},"b":{"0":[0,6]},"_coverageSchema":"1a1c01bbd47fc00a2c39e90264f33305004495a9","hash":"45b70a1fce198feceb56fba4c924e4bac319d1e7"}
,"/Users/AbdullahMohsin/Documents/Code/task-management/backend/controllers/adminController.js": {"path":"/Users/AbdullahMohsin/Documents/Code/task-management/backend/controllers/adminController.js","statementMap":{"0":{"start":{"line":1,"column":13},"end":{"line":1,"column":38}},"1":{"start":{"line":2,"column":13},"end":{"line":2,"column":38}},"2":{"start":{"line":3,"column":19},"end":{"line":3,"column":50}},"3":{"start":{"line":4,"column":21},"end":{"line":4,"column":53}},"4":{"start":{"line":5,"column":18},"end":{"line":5,"column":54}},"5":{"start":{"line":6,"column":15},"end":{"line":6,"column":32}},"6":{"start":{"line":7,"column":15},"end":{"line":7,"column":32}},"7":{"start":{"line":8,"column":15},"end":{"line":8,"column":40}},"8":{"start":{"line":9,"column":16},"end":{"line":9,"column":35}},"9":{"start":{"line":17,"column":20},"end":{"line":62,"column":2}},"10":{"start":{"line":18,"column":32},"end":{"line":18,"column":41}},"11":{"start":{"line":22,"column":2},"end":{"line":22,"column":24}},"12":{"start":{"line":23,"column":2},"end":{"line":23,"column":26}},"13":{"start":{"line":26,"column":2},"end":{"line":26,"column":28}},"14":{"start":{"line":26,"column":19},"end":{"line":26,"column":28}},"15":{"start":{"line":27,"column":2},"end":{"line":27,"column":31}},"16":{"start":{"line":27,"column":20},"end":{"line":27,"column":31}},"17":{"start":{"line":30,"column":2},"end":{"line":34,"column":3}},"18":{"start":{"line":31,"column":4},"end":{"line":33,"column":67}},"19":{"start":{"line":36,"column":15},"end":{"line":36,"column":33}},"20":{"start":{"line":39,"column":14},"end":{"line":39,"column":16}},"21":{"start":{"line":40,"column":2},"end":{"line":47,"column":3}},"22":{"start":{"line":41,"column":4},"end":{"line":46,"column":6}},"23":{"start":{"line":50,"column":16},"end":{"line":50,"column":76}},"24":{"start":{"line":53,"column":21},"end":{"line":53,"column":53}},"25":{"start":{"line":56,"column":2},"end":{"line":61,"column":5}},"26":{"start":{"line":68,"column":15},"end":{"line":120,"column":2}},"27":{"start":{"line":69,"column":2},"end":{"line":119,"column":3}},"28":{"start":{"line":70,"column":34},"end":{"line":70,"column":42}},"29":{"start":{"line":73,"column":25},"end":{"line":73,"column":54}},"30":{"start":{"line":74,"column":4},"end":{"line":74,"column":24}},"31":{"start":{"line":76,"column":30},"end":{"line":76,"column":53}},"32":{"start":{"line":77,"column":4},"end":{"line":77,"column":29}},"33":{"start":{"line":80,"column":36},"end":{"line":83,"column":6}},"34":{"start":{"line":85,"column":4},"end":{"line":87,"column":5}},"35":{"start":{"line":86,"column":6},"end":{"line":86,"column":70}},"36":{"start":{"line":88,"column":4},"end":{"line":90,"column":5}},"37":{"start":{"line":89,"column":6},"end":{"line":89,"column":80}},"38":{"start":{"line":92,"column":18},"end":{"line":92,"column":56}},"39":{"start":{"line":93,"column":26},"end":{"line":98,"column":6}},"40":{"start":{"line":100,"column":17},"end":{"line":100,"column":55}},"41":{"start":{"line":101,"column":4},"end":{"line":101,"column":53}},"42":{"start":{"line":102,"column":4},"end":{"line":102,"column":31}},"43":{"start":{"line":103,"column":4},"end":{"line":111,"column":5}},"44":{"start":{"line":104,"column":6},"end":{"line":104,"column":59}},"45":{"start":{"line":107,"column":6},"end":{"line":107,"column":61}},"46":{"start":{"line":108,"column":6},"end":{"line":110,"column":74}},"47":{"start":{"line":113,"column":4},"end":{"line":113,"column":42}},"48":{"start":{"line":115,"column":4},"end":{"line":115,"column":43}},"49":{"start":{"line":116,"column":4},"end":{"line":118,"column":68}},"50":{"start":{"line":126,"column":19},"end":{"line":146,"column":2}},"51":{"start":{"line":127,"column":21},"end":{"line":127,"column":31}},"52":{"start":{"line":128,"column":39},"end":{"line":128,"column":47}},"53":{"start":{"line":130,"column":18},"end":{"line":135,"column":3}},"54":{"start":{"line":136,"column":22},"end":{"line":139,"column":40}},"55":{"start":{"line":141,"column":2},"end":{"line":143,"column":3}},"56":{"start":{"line":142,"column":4},"end":{"line":142,"column":80}},"57":{"start":{"line":145,"column":2},"end":{"line":145,"column":43}},"58":{"start":{"line":152,"column":19},"end":{"line":161,"column":2}},"59":{"start":{"line":153,"column":21},"end":{"line":153,"column":31}},"60":{"start":{"line":155,"column":18},"end":{"line":155,"column":62}},"61":{"start":{"line":156,"column":2},"end":{"line":158,"column":3}},"62":{"start":{"line":157,"column":4},"end":{"line":157,"column":80}},"63":{"start":{"line":160,"column":2},"end":{"line":160,"column":22}},"64":{"start":{"line":169,"column":20},"end":{"line":218,"column":2}},"65":{"start":{"line":170,"column":24},"end":{"line":170,"column":33}},"66":{"start":{"line":172,"column":2},"end":{"line":172,"column":24}},"67":{"start":{"line":173,"column":2},"end":{"line":173,"column":26}},"68":{"start":{"line":176,"column":2},"end":{"line":176,"column":28}},"69":{"start":{"line":176,"column":19},"end":{"line":176,"column":28}},"70":{"start":{"line":177,"column":2},"end":{"line":177,"column":31}},"71":{"start":{"line":177,"column":20},"end":{"line":177,"column":31}},"72":{"start":{"line":180,"column":2},"end":{"line":184,"column":3}},"73":{"start":{"line":181,"column":4},"end":{"line":183,"column":67}},"74":{"start":{"line":186,"column":15},"end":{"line":186,"column":33}},"75":{"start":{"line":188,"column":2},"end":{"line":217,"column":3}},"76":{"start":{"line":190,"column":18},"end":{"line":190,"column":29}},"77":{"start":{"line":192,"column":4},"end":{"line":192,"column":21}},"78":{"start":{"line":193,"column":4},"end":{"line":193,"column":23}},"79":{"start":{"line":195,"column":4},"end":{"line":195,"column":50}},"80":{"start":{"line":197,"column":4},"end":{"line":197,"column":17}},"81":{"start":{"line":200,"column":18},"end":{"line":200,"column":36}},"82":{"start":{"line":203,"column":23},"end":{"line":203,"column":57}},"83":{"start":{"line":206,"column":4},"end":{"line":211,"column":7}},"84":{"start":{"line":213,"column":4},"end":{"line":213,"column":48}},"85":{"start":{"line":214,"column":4},"end":{"line":216,"column":71}},"86":{"start":{"line":224,"column":19},"end":{"line":239,"column":2}},"87":{"start":{"line":225,"column":63},"end":{"line":225,"column":71}},"88":{"start":{"line":227,"column":15},"end":{"line":234,"column":4}},"89":{"start":{"line":236,"column":2},"end":{"line":236,"column":20}},"90":{"start":{"line":238,"column":2},"end":{"line":238,"column":29}},"91":{"start":{"line":245,"column":16},"end":{"line":264,"column":2}},"92":{"start":{"line":246,"column":2},"end":{"line":263,"column":3}},"93":{"start":{"line":247,"column":23},"end":{"line":247,"column":33}},"94":{"start":{"line":249,"column":22},"end":{"line":249,"column":51}},"95":{"start":{"line":250,"column":4},"end":{"line":250,"column":21}},"96":{"start":{"line":251,"column":17},"end":{"line":251,"column":39}},"97":{"start":{"line":253,"column":4},"end":{"line":255,"column":5}},"98":{"start":{"line":254,"column":6},"end":{"line":254,"column":70}},"99":{"start":{"line":257,"column":4},"end":{"line":257,"column":38}},"100":{"start":{"line":259,"column":4},"end":{"line":259,"column":44}},"101":{"start":{"line":260,"column":4},"end":{"line":262,"column":70}},"102":{"start":{"line":270,"column":19},"end":{"line":295,"column":2}},"103":{"start":{"line":271,"column":21},"end":{"line":271,"column":31}},"104":{"start":{"line":272,"column":18},"end":{"line":272,"column":26}},"105":{"start":{"line":274,"column":15},"end":{"line":274,"column":57}},"106":{"start":{"line":276,"column":2},"end":{"line":278,"column":3}},"107":{"start":{"line":277,"column":4},"end":{"line":277,"column":68}},"108":{"start":{"line":279,"column":15},"end":{"line":279,"column":35}},"109":{"start":{"line":280,"column":2},"end":{"line":282,"column":5}},"110":{"start":{"line":281,"column":4},"end":{"line":281,"column":29}},"111":{"start":{"line":284,"column":2},"end":{"line":290,"column":3}},"112":{"start":{"line":285,"column":4},"end":{"line":285,"column":38}},"113":{"start":{"line":286,"column":4},"end":{"line":286,"column":37}},"114":{"start":{"line":287,"column":9},"end":{"line":290,"column":3}},"115":{"start":{"line":288,"column":4},"end":{"line":288,"column":31}},"116":{"start":{"line":289,"column":4},"end":{"line":289,"column":31}},"117":{"start":{"line":292,"column":2},"end":{"line":292,"column":20}},"118":{"start":{"line":294,"column":2},"end":{"line":294,"column":36}},"119":{"start":{"line":301,"column":19},"end":{"line":311,"column":2}},"120":{"start":{"line":302,"column":21},"end":{"line":302,"column":31}},"121":{"start":{"line":304,"column":19},"end":{"line":304,"column":63}},"122":{"start":{"line":306,"column":2},"end":{"line":308,"column":3}},"123":{"start":{"line":307,"column":4},"end":{"line":307,"column":62}},"124":{"start":{"line":310,"column":2},"end":{"line":310,"column":29}},"125":{"start":{"line":317,"column":17},"end":{"line":334,"column":2}},"126":{"start":{"line":318,"column":21},"end":{"line":318,"column":31}},"127":{"start":{"line":320,"column":22},"end":{"line":327,"column":10}},"128":{"start":{"line":329,"column":2},"end":{"line":331,"column":3}},"129":{"start":{"line":330,"column":4},"end":{"line":330,"column":68}},"130":{"start":{"line":333,"column":2},"end":{"line":333,"column":43}},"131":{"start":{"line":340,"column":19},"end":{"line":357,"column":2}},"132":{"start":{"line":341,"column":21},"end":{"line":341,"column":31}},"133":{"start":{"line":343,"column":22},"end":{"line":350,"column":10}},"134":{"start":{"line":352,"column":2},"end":{"line":354,"column":3}},"135":{"start":{"line":353,"column":4},"end":{"line":353,"column":68}},"136":{"start":{"line":356,"column":2},"end":{"line":356,"column":43}},"137":{"start":{"line":363,"column":20},"end":{"line":391,"column":2}},"138":{"start":{"line":364,"column":21},"end":{"line":364,"column":31}},"139":{"start":{"line":365,"column":25},"end":{"line":365,"column":33}},"140":{"start":{"line":367,"column":27},"end":{"line":370,"column":4}},"141":{"start":{"line":372,"column":2},"end":{"line":376,"column":3}},"142":{"start":{"line":373,"column":4},"end":{"line":375,"column":67}},"143":{"start":{"line":378,"column":2},"end":{"line":380,"column":3}},"144":{"start":{"line":379,"column":4},"end":{"line":379,"column":80}},"145":{"start":{"line":382,"column":2},"end":{"line":384,"column":3}},"146":{"start":{"line":383,"column":4},"end":{"line":383,"column":64}},"147":{"start":{"line":386,"column":2},"end":{"line":386,"column":34}},"148":{"start":{"line":387,"column":2},"end":{"line":387,"column":20}},"149":{"start":{"line":390,"column":2},"end":{"line":390,"column":80}},"150":{"start":{"line":397,"column":23},"end":{"line":416,"column":2}},"151":{"start":{"line":398,"column":21},"end":{"line":398,"column":31}},"152":{"start":{"line":399,"column":25},"end":{"line":399,"column":33}},"153":{"start":{"line":401,"column":15},"end":{"line":401,"column":57}},"154":{"start":{"line":403,"column":2},"end":{"line":407,"column":3}},"155":{"start":{"line":404,"column":4},"end":{"line":406,"column":73}},"156":{"start":{"line":409,"column":2},"end":{"line":409,"column":79}},"157":{"start":{"line":409,"column":49},"end":{"line":409,"column":77}},"158":{"start":{"line":410,"column":2},"end":{"line":410,"column":20}},"159":{"start":{"line":413,"column":2},"end":{"line":415,"column":62}},"160":{"start":{"line":422,"column":19},"end":{"line":552,"column":2}},"161":{"start":{"line":423,"column":24},"end":{"line":423,"column":71}},"162":{"start":{"line":444,"column":6},"end":{"line":520,"column":4}},"163":{"start":{"line":522,"column":2},"end":{"line":551,"column":5}},"164":{"start":{"line":554,"column":0},"end":{"line":569,"column":2}}},"fnMap":{"0":{"name":"(anonymous_0)","decl":{"start":{"line":17,"column":33},"end":{"line":17,"column":34}},"loc":{"start":{"line":17,"column":53},"end":{"line":62,"column":1}},"line":17},"1":{"name":"(anonymous_1)","decl":{"start":{"line":68,"column":28},"end":{"line":68,"column":29}},"loc":{"start":{"line":68,"column":48},"end":{"line":120,"column":1}},"line":68},"2":{"name":"(anonymous_2)","decl":{"start":{"line":126,"column":32},"end":{"line":126,"column":33}},"loc":{"start":{"line":126,"column":52},"end":{"line":146,"column":1}},"line":126},"3":{"name":"(anonymous_3)","decl":{"start":{"line":152,"column":32},"end":{"line":152,"column":33}},"loc":{"start":{"line":152,"column":52},"end":{"line":161,"column":1}},"line":152},"4":{"name":"(anonymous_4)","decl":{"start":{"line":169,"column":33},"end":{"line":169,"column":34}},"loc":{"start":{"line":169,"column":53},"end":{"line":218,"column":1}},"line":169},"5":{"name":"(anonymous_5)","decl":{"start":{"line":224,"column":32},"end":{"line":224,"column":33}},"loc":{"start":{"line":224,"column":52},"end":{"line":239,"column":1}},"line":224},"6":{"name":"(anonymous_6)","decl":{"start":{"line":245,"column":29},"end":{"line":245,"column":30}},"loc":{"start":{"line":245,"column":49},"end":{"line":264,"column":1}},"line":245},"7":{"name":"(anonymous_7)","decl":{"start":{"line":270,"column":32},"end":{"line":270,"column":33}},"loc":{"start":{"line":270,"column":52},"end":{"line":295,"column":1}},"line":270},"8":{"name":"(anonymous_8)","decl":{"start":{"line":280,"column":15},"end":{"line":280,"column":16}},"loc":{"start":{"line":280,"column":24},"end":{"line":282,"column":3}},"line":280},"9":{"name":"(anonymous_9)","decl":{"start":{"line":301,"column":32},"end":{"line":301,"column":33}},"loc":{"start":{"line":301,"column":52},"end":{"line":311,"column":1}},"line":301},"10":{"name":"(anonymous_10)","decl":{"start":{"line":317,"column":30},"end":{"line":317,"column":31}},"loc":{"start":{"line":317,"column":50},"end":{"line":334,"column":1}},"line":317},"11":{"name":"(anonymous_11)","decl":{"start":{"line":340,"column":32},"end":{"line":340,"column":33}},"loc":{"start":{"line":340,"column":52},"end":{"line":357,"column":1}},"line":340},"12":{"name":"(anonymous_12)","decl":{"start":{"line":363,"column":33},"end":{"line":363,"column":34}},"loc":{"start":{"line":363,"column":53},"end":{"line":391,"column":1}},"line":363},"13":{"name":"(anonymous_13)","decl":{"start":{"line":397,"column":36},"end":{"line":397,"column":37}},"loc":{"start":{"line":397,"column":56},"end":{"line":416,"column":1}},"line":397},"14":{"name":"(anonymous_14)","decl":{"start":{"line":409,"column":41},"end":{"line":409,"column":42}},"loc":{"start":{"line":409,"column":49},"end":{"line":409,"column":77}},"line":409},"15":{"name":"(anonymous_15)","decl":{"start":{"line":422,"column":32},"end":{"line":422,"column":33}},"loc":{"start":{"line":422,"column":52},"end":{"line":552,"column":1}},"line":422}},"branchMap":{"0":{"loc":{"start":{"line":26,"column":2},"end":{"line":26,"column":28}},"type":"if","locations":[{"start":{"line":26,"column":2},"end":{"line":26,"column":28}},{"start":{},"end":{}}],"line":26},"1":{"loc":{"start":{"line":27,"column":2},"end":{"line":27,"column":31}},"type":"if","locations":[{"start":{"line":27,"column":2},"end":{"line":27,"column":31}},{"start":{},"end":{}}],"line":27},"2":{"loc":{"start":{"line":30,"column":2},"end":{"line":34,"column":3}},"type":"if","locations":[{"start":{"line":30,"column":2},"end":{"line":34,"column":3}},{"start":{},"end":{}}],"line":30},"3":{"loc":{"start":{"line":30,"column":6},"end":{"line":30,"column":27}},"type":"binary-expr","locations":[{"start":{"line":30,"column":6},"end":{"line":30,"column":14}},{"start":{"line":30,"column":18},"end":{"line":30,"column":27}}],"line":30},"4":{"loc":{"start":{"line":40,"column":2},"end":{"line":47,"column":3}},"type":"if","locations":[{"start":{"line":40,"column":2},"end":{"line":47,"column":3}},{"start":{},"end":{}}],"line":40},"5":{"loc":{"start":{"line":85,"column":4},"end":{"line":87,"column":5}},"type":"if","locations":[{"start":{"line":85,"column":4},"end":{"line":87,"column":5}},{"start":{},"end":{}}],"line":85},"6":{"loc":{"start":{"line":88,"column":4},"end":{"line":90,"column":5}},"type":"if","locations":[{"start":{"line":88,"column":4},"end":{"line":90,"column":5}},{"start":{},"end":{}}],"line":88},"7":{"loc":{"start":{"line":131,"column":8},"end":{"line":131,"column":24}},"type":"binary-expr","locations":[{"start":{"line":131,"column":8},"end":{"line":131,"column":12}},{"start":{"line":131,"column":16},"end":{"line":131,"column":24}}],"line":131},"8":{"loc":{"start":{"line":132,"column":8},"end":{"line":132,"column":26}},"type":"binary-expr","locations":[{"start":{"line":132,"column":8},"end":{"line":132,"column":13}},{"start":{"line":132,"column":17},"end":{"line":132,"column":26}}],"line":132},"9":{"loc":{"start":{"line":133,"column":8},"end":{"line":133,"column":24}},"type":"binary-expr","locations":[{"start":{"line":133,"column":8},"end":{"line":133,"column":12}},{"start":{"line":133,"column":16},"end":{"line":133,"column":24}}],"line":133},"10":{"loc":{"start":{"line":134,"column":8},"end":{"line":134,"column":26}},"type":"binary-expr","locations":[{"start":{"line":134,"column":8},"end":{"line":134,"column":13}},{"start":{"line":134,"column":17},"end":{"line":134,"column":26}}],"line":134},"11":{"loc":{"start":{"line":141,"column":2},"end":{"line":143,"column":3}},"type":"if","locations":[{"start":{"line":141,"column":2},"end":{"line":143,"column":3}},{"start":{},"end":{}}],"line":141},"12":{"loc":{"start":{"line":156,"column":2},"end":{"line":158,"column":3}},"type":"if","locations":[{"start":{"line":156,"column":2},"end":{"line":158,"column":3}},{"start":{},"end":{}}],"line":156},"13":{"loc":{"start":{"line":176,"column":2},"end":{"line":176,"column":28}},"type":"if","locations":[{"start":{"line":176,"column":2},"end":{"line":176,"column":28}},{"start":{},"end":{}}],"line":176},"14":{"loc":{"start":{"line":177,"column":2},"end":{"line":177,"column":31}},"type":"if","locations":[{"start":{"line":177,"column":2},"end":{"line":177,"column":31}},{"start":{},"end":{}}],"line":177},"15":{"loc":{"start":{"line":180,"column":2},"end":{"line":184,"column":3}},"type":"if","locations":[{"start":{"line":180,"column":2},"end":{"line":184,"column":3}},{"start":{},"end":{}}],"line":180},"16":{"loc":{"start":{"line":180,"column":6},"end":{"line":180,"column":27}},"type":"binary-expr","locations":[{"start":{"line":180,"column":6},"end":{"line":180,"column":14}},{"start":{"line":180,"column":18},"end":{"line":180,"column":27}}],"line":180},"17":{"loc":{"start":{"line":253,"column":4},"end":{"line":255,"column":5}},"type":"if","locations":[{"start":{"line":253,"column":4},"end":{"line":255,"column":5}},{"start":{},"end":{}}],"line":253},"18":{"loc":{"start":{"line":276,"column":2},"end":{"line":278,"column":3}},"type":"if","locations":[{"start":{"line":276,"column":2},"end":{"line":278,"column":3}},{"start":{},"end":{}}],"line":276},"19":{"loc":{"start":{"line":284,"column":2},"end":{"line":290,"column":3}},"type":"if","locations":[{"start":{"line":284,"column":2},"end":{"line":290,"column":3}},{"start":{"line":287,"column":9},"end":{"line":290,"column":3}}],"line":284},"20":{"loc":{"start":{"line":287,"column":9},"end":{"line":290,"column":3}},"type":"if","locations":[{"start":{"line":287,"column":9},"end":{"line":290,"column":3}},{"start":{},"end":{}}],"line":287},"21":{"loc":{"start":{"line":306,"column":2},"end":{"line":308,"column":3}},"type":"if","locations":[{"start":{"line":306,"column":2},"end":{"line":308,"column":3}},{"start":{},"end":{}}],"line":306},"22":{"loc":{"start":{"line":329,"column":2},"end":{"line":331,"column":3}},"type":"if","locations":[{"start":{"line":329,"column":2},"end":{"line":331,"column":3}},{"start":{},"end":{}}],"line":329},"23":{"loc":{"start":{"line":352,"column":2},"end":{"line":354,"column":3}},"type":"if","locations":[{"start":{"line":352,"column":2},"end":{"line":354,"column":3}},{"start":{},"end":{}}],"line":352},"24":{"loc":{"start":{"line":372,"column":2},"end":{"line":376,"column":3}},"type":"if","locations":[{"start":{"line":372,"column":2},"end":{"line":376,"column":3}},{"start":{},"end":{}}],"line":372},"25":{"loc":{"start":{"line":378,"column":2},"end":{"line":380,"column":3}},"type":"if","locations":[{"start":{"line":378,"column":2},"end":{"line":380,"column":3}},{"start":{},"end":{}}],"line":378},"26":{"loc":{"start":{"line":382,"column":2},"end":{"line":384,"column":3}},"type":"if","locations":[{"start":{"line":382,"column":2},"end":{"line":384,"column":3}},{"start":{},"end":{}}],"line":382},"27":{"loc":{"start":{"line":403,"column":2},"end":{"line":407,"column":3}},"type":"if","locations":[{"start":{"line":403,"column":2},"end":{"line":407,"column":3}},{"start":{},"end":{}}],"line":403}},"s":{"0":7,"1":7,"2":7,"3":7,"4":7,"5":7,"6":7,"7":7,"8":7,"9":7,"10":2,"11":2,"12":2,"13":2,"14":1,"15":2,"16":1,"17":2,"18":0,"19":2,"20":2,"21":2,"22":0,"23":2,"24":2,"25":2,"26":7,"27":4,"28":4,"29":4,"30":4,"31":4,"32":4,"33":4,"34":4,"35":1,"36":3,"37":1,"38":2,"39":2,"40":2,"41":2,"42":2,"43":2,"44":2,"45":1,"46":1,"47":1,"48":0,"49":0,"50":7,"51":2,"52":2,"53":2,"54":2,"55":2,"56":1,"57":1,"58":7,"59":2,"60":2,"61":2,"62":1,"63":1,"64":7,"65":4,"66":4,"67":4,"68":4,"69":1,"70":4,"71":1,"72":4,"73":2,"74":2,"75":2,"76":2,"77":2,"78":2,"79":2,"80":2,"81":2,"82":2,"83":2,"84":0,"85":0,"86":7,"87":1,"88":1,"89":1,"90":1,"91":7,"92":2,"93":2,"94":2,"95":2,"96":2,"97":2,"98":1,"99":1,"100":0,"101":0,"102":7,"103":2,"104":2,"105":2,"106":2,"107":1,"108":1,"109":1,"110":1,"111":1,"112":0,"113":0,"114":1,"115":0,"116":0,"117":1,"118":1,"119":7,"120":2,"121":2,"122":2,"123":1,"124":1,"125":7,"126":2,"127":2,"128":2,"129":1,"130":1,"131":7,"132":2,"133":2,"134":2,"135":1,"136":1,"137":7,"138":2,"139":2,"140":2,"141":2,"142":0,"143":2,"144":0,"145":2,"146":1,"147":1,"148":1,"149":1,"150":7,"151":2,"152":2,"153":2,"154":2,"155":1,"156":1,"157":2,"158":1,"159":1,"160":7,"161":2,"162":2,"163":1,"164":7},"f":{"0":2,"1":4,"2":2,"3":2,"4":4,"5":1,"6":2,"7":2,"8":1,"9":2,"10":2,"11":2,"12":2,"13":2,"14":2,"15":2},"b":{"0":[1,1],"1":[1,1],"2":[0,2],"3":[2,2],"4":[0,2],"5":[1,3],"6":[1,2],"7":[2,2],"8":[2,1],"9":[2,1],"10":[2,1],"11":[1,1],"12":[1,1],"13":[1,3],"14":[1,3],"15":[2,2],"16":[4,3],"17":[1,1],"18":[1,1],"19":[0,1],"20":[0,1],"21":[1,1],"22":[1,1],"23":[1,1],"24":[0,2],"25":[0,2],"26":[1,1],"27":[1,1]},"_coverageSchema":"1a1c01bbd47fc00a2c39e90264f33305004495a9","hash":"af1d73b87c42481da82a5f006c26937a3437e50b"}
,"/Users/AbdullahMohsin/Documents/Code/task-management/backend/controllers/authController.js": {"path":"/Users/AbdullahMohsin/Documents/Code/task-management/backend/controllers/authController.js","statementMap":{"0":{"start":{"line":1,"column":15},"end":{"line":1,"column":32}},"1":{"start":{"line":2,"column":12},"end":{"line":2,"column":35}},"2":{"start":{"line":3,"column":13},"end":{"line":3,"column":38}},"3":{"start":{"line":4,"column":21},"end":{"line":4,"column":53}},"4":{"start":{"line":5,"column":15},"end":{"line":5,"column":40}},"5":{"start":{"line":6,"column":19},"end":{"line":6,"column":50}},"6":{"start":{"line":12,"column":14},"end":{"line":70,"column":2}},"7":{"start":{"line":13,"column":30},"end":{"line":13,"column":38}},"8":{"start":{"line":15,"column":20},"end":{"line":18,"column":10}},"9":{"start":{"line":19,"column":2},"end":{"line":21,"column":3}},"10":{"start":{"line":20,"column":4},"end":{"line":20,"column":74}},"11":{"start":{"line":23,"column":16},"end":{"line":23,"column":66}},"12":{"start":{"line":24,"column":2},"end":{"line":26,"column":3}},"13":{"start":{"line":25,"column":4},"end":{"line":25,"column":74}},"14":{"start":{"line":28,"column":2},"end":{"line":32,"column":3}},"15":{"start":{"line":29,"column":4},"end":{"line":31,"column":7}},"16":{"start":{"line":34,"column":22},"end":{"line":44,"column":3}},"17":{"start":{"line":46,"column":23},"end":{"line":56,"column":3}},"18":{"start":{"line":58,"column":2},"end":{"line":58,"column":67}},"19":{"start":{"line":59,"column":2},"end":{"line":59,"column":62}},"20":{"start":{"line":60,"column":2},"end":{"line":60,"column":35}},"21":{"start":{"line":61,"column":2},"end":{"line":61,"column":25}},"22":{"start":{"line":63,"column":2},"end":{"line":68,"column":5}},"23":{"start":{"line":69,"column":2},"end":{"line":69,"column":28}},"24":{"start":{"line":76,"column":16},"end":{"line":121,"column":2}},"25":{"start":{"line":77,"column":27},"end":{"line":77,"column":38}},"26":{"start":{"line":78,"column":2},"end":{"line":78,"column":48}},"27":{"start":{"line":78,"column":21},"end":{"line":78,"column":48}},"28":{"start":{"line":81,"column":2},"end":{"line":88,"column":3}},"29":{"start":{"line":82,"column":4},"end":{"line":82,"column":73}},"30":{"start":{"line":83,"column":4},"end":{"line":83,"column":29}},"31":{"start":{"line":85,"column":4},"end":{"line":87,"column":28}},"32":{"start":{"line":90,"column":2},"end":{"line":90,"column":54}},"33":{"start":{"line":90,"column":27},"end":{"line":90,"column":54}},"34":{"start":{"line":93,"column":20},"end":{"line":98,"column":11}},"35":{"start":{"line":99,"column":2},"end":{"line":99,"column":45}},"36":{"start":{"line":99,"column":18},"end":{"line":99,"column":45}},"37":{"start":{"line":101,"column":18},"end":{"line":104,"column":3}},"38":{"start":{"line":105,"column":2},"end":{"line":105,"column":43}},"39":{"start":{"line":105,"column":16},"end":{"line":105,"column":43}},"40":{"start":{"line":107,"column":22},"end":{"line":117,"column":3}},"41":{"start":{"line":119,"column":2},"end":{"line":119,"column":40}},"42":{"start":{"line":120,"column":2},"end":{"line":120,"column":28}},"43":{"start":{"line":127,"column":17},"end":{"line":157,"column":2}},"44":{"start":{"line":128,"column":20},"end":{"line":128,"column":30}},"45":{"start":{"line":129,"column":23},"end":{"line":129,"column":31}},"46":{"start":{"line":132,"column":21},"end":{"line":132,"column":63}},"47":{"start":{"line":133,"column":2},"end":{"line":135,"column":3}},"48":{"start":{"line":134,"column":4},"end":{"line":134,"column":77}},"49":{"start":{"line":137,"column":21},"end":{"line":137,"column":68}},"50":{"start":{"line":138,"column":2},"end":{"line":140,"column":3}},"51":{"start":{"line":139,"column":4},"end":{"line":139,"column":69}},"52":{"start":{"line":143,"column":25},"end":{"line":143,"column":56}},"53":{"start":{"line":146,"column":18},"end":{"line":151,"column":4}},"54":{"start":{"line":153,"column":2},"end":{"line":153,"column":23}},"55":{"start":{"line":154,"column":2},"end":{"line":154,"column":54}},"56":{"start":{"line":156,"column":2},"end":{"line":156,"column":65}},"57":{"start":{"line":162,"column":15},"end":{"line":190,"column":2}},"58":{"start":{"line":164,"column":2},"end":{"line":164,"column":61}},"59":{"start":{"line":164,"column":34},"end":{"line":164,"column":61}},"60":{"start":{"line":165,"column":23},"end":{"line":165,"column":47}},"61":{"start":{"line":168,"column":2},"end":{"line":173,"column":3}},"62":{"start":{"line":170,"column":4},"end":{"line":170,"column":73}},"63":{"start":{"line":172,"column":4},"end":{"line":172,"column":31}},"64":{"start":{"line":175,"column":2},"end":{"line":175,"column":49}},"65":{"start":{"line":175,"column":22},"end":{"line":175,"column":49}},"66":{"start":{"line":178,"column":20},"end":{"line":180,"column":11}},"67":{"start":{"line":181,"column":2},"end":{"line":181,"column":45}},"68":{"start":{"line":181,"column":18},"end":{"line":181,"column":45}},"69":{"start":{"line":184,"column":2},"end":{"line":184,"column":34}},"70":{"start":{"line":185,"column":2},"end":{"line":185,"column":32}},"71":{"start":{"line":186,"column":2},"end":{"line":186,"column":25}},"72":{"start":{"line":188,"column":2},"end":{"line":188,"column":77}},"73":{"start":{"line":189,"column":2},"end":{"line":189,"column":22}},"74":{"start":{"line":192,"column":0},"end":{"line":197,"column":2}}},"fnMap":{"0":{"name":"(anonymous_0)","decl":{"start":{"line":12,"column":27},"end":{"line":12,"column":28}},"loc":{"start":{"line":12,"column":47},"end":{"line":70,"column":1}},"line":12},"1":{"name":"(anonymous_1)","decl":{"start":{"line":76,"column":29},"end":{"line":76,"column":30}},"loc":{"start":{"line":76,"column":49},"end":{"line":121,"column":1}},"line":76},"2":{"name":"(anonymous_2)","decl":{"start":{"line":127,"column":30},"end":{"line":127,"column":31}},"loc":{"start":{"line":127,"column":50},"end":{"line":157,"column":1}},"line":127},"3":{"name":"(anonymous_3)","decl":{"start":{"line":162,"column":28},"end":{"line":162,"column":29}},"loc":{"start":{"line":162,"column":48},"end":{"line":190,"column":1}},"line":162}},"branchMap":{"0":{"loc":{"start":{"line":19,"column":2},"end":{"line":21,"column":3}},"type":"if","locations":[{"start":{"line":19,"column":2},"end":{"line":21,"column":3}},{"start":{},"end":{}}],"line":19},"1":{"loc":{"start":{"line":24,"column":2},"end":{"line":26,"column":3}},"type":"if","locations":[{"start":{"line":24,"column":2},"end":{"line":26,"column":3}},{"start":{},"end":{}}],"line":24},"2":{"loc":{"start":{"line":28,"column":2},"end":{"line":32,"column":3}},"type":"if","locations":[{"start":{"line":28,"column":2},"end":{"line":32,"column":3}},{"start":{},"end":{}}],"line":28},"3":{"loc":{"start":{"line":78,"column":2},"end":{"line":78,"column":48}},"type":"if","locations":[{"start":{"line":78,"column":2},"end":{"line":78,"column":48}},{"start":{},"end":{}}],"line":78},"4":{"loc":{"start":{"line":85,"column":11},"end":{"line":87,"column":27}},"type":"cond-expr","locations":[{"start":{"line":86,"column":8},"end":{"line":86,"column":66}},{"start":{"line":87,"column":8},"end":{"line":87,"column":27}}],"line":85},"5":{"loc":{"start":{"line":90,"column":2},"end":{"line":90,"column":54}},"type":"if","locations":[{"start":{"line":90,"column":2},"end":{"line":90,"column":54}},{"start":{},"end":{}}],"line":90},"6":{"loc":{"start":{"line":90,"column":6},"end":{"line":90,"column":25}},"type":"binary-expr","locations":[{"start":{"line":90,"column":6},"end":{"line":90,"column":14}},{"start":{"line":90,"column":18},"end":{"line":90,"column":25}}],"line":90},"7":{"loc":{"start":{"line":99,"column":2},"end":{"line":99,"column":45}},"type":"if","locations":[{"start":{"line":99,"column":2},"end":{"line":99,"column":45}},{"start":{},"end":{}}],"line":99},"8":{"loc":{"start":{"line":105,"column":2},"end":{"line":105,"column":43}},"type":"if","locations":[{"start":{"line":105,"column":2},"end":{"line":105,"column":43}},{"start":{},"end":{}}],"line":105},"9":{"loc":{"start":{"line":133,"column":2},"end":{"line":135,"column":3}},"type":"if","locations":[{"start":{"line":133,"column":2},"end":{"line":135,"column":3}},{"start":{},"end":{}}],"line":133},"10":{"loc":{"start":{"line":138,"column":2},"end":{"line":140,"column":3}},"type":"if","locations":[{"start":{"line":138,"column":2},"end":{"line":140,"column":3}},{"start":{},"end":{}}],"line":138},"11":{"loc":{"start":{"line":164,"column":2},"end":{"line":164,"column":61}},"type":"if","locations":[{"start":{"line":164,"column":2},"end":{"line":164,"column":61}},{"start":{},"end":{}}],"line":164},"12":{"loc":{"start":{"line":175,"column":2},"end":{"line":175,"column":49}},"type":"if","locations":[{"start":{"line":175,"column":2},"end":{"line":175,"column":49}},{"start":{},"end":{}}],"line":175},"13":{"loc":{"start":{"line":181,"column":2},"end":{"line":181,"column":45}},"type":"if","locations":[{"start":{"line":181,"column":2},"end":{"line":181,"column":45}},{"start":{},"end":{}}],"line":181}},"s":{"0":6,"1":6,"2":6,"3":6,"4":6,"5":6,"6":6,"7":4,"8":4,"9":4,"10":1,"11":3,"12":3,"13":1,"14":2,"15":1,"16":1,"17":1,"18":1,"19":1,"20":1,"21":1,"22":1,"23":1,"24":6,"25":6,"26":6,"27":1,"28":5,"29":5,"30":3,"31":2,"32":3,"33":0,"34":3,"35":3,"36":1,"37":2,"38":2,"39":1,"40":1,"41":1,"42":1,"43":6,"44":3,"45":3,"46":3,"47":3,"48":1,"49":2,"50":2,"51":1,"52":1,"53":1,"54":1,"55":1,"56":1,"57":6,"58":4,"59":1,"60":3,"61":3,"62":3,"63":1,"64":2,"65":0,"66":2,"67":2,"68":1,"69":1,"70":1,"71":1,"72":1,"73":1,"74":6},"f":{"0":4,"1":6,"2":3,"3":4},"b":{"0":[1,3],"1":[1,2],"2":[1,1],"3":[1,5],"4":[1,1],"5":[0,3],"6":[3,3],"7":[1,2],"8":[1,1],"9":[1,2],"10":[1,1],"11":[1,3],"12":[0,2],"13":[1,1]},"_coverageSchema":"1a1c01bbd47fc00a2c39e90264f33305004495a9","hash":"7bf739ba2fd29eecbaac95fcfe7ccaf4f86ce58f"}
,"/Users/AbdullahMohsin/Documents/Code/task-management/backend/controllers/conversationsController.js": {"path":"/Users/AbdullahMohsin/Documents/Code/task-management/backend/controllers/conversationsController.js","statementMap":{"0":{"start":{"line":1,"column":21},"end":{"line":1,"column":54}},"1":{"start":{"line":2,"column":16},"end":{"line":2,"column":44}},"2":{"start":{"line":3,"column":21},"end":{"line":3,"column":53}},"3":{"start":{"line":4,"column":15},"end":{"line":4,"column":40}},"4":{"start":{"line":10,"column":28},"end":{"line":18,"column":2}},"5":{"start":{"line":12,"column":24},"end":{"line":15,"column":28}},"6":{"start":{"line":17,"column":2},"end":{"line":17,"column":45}},"7":{"start":{"line":24,"column":27},"end":{"line":65,"column":2}},"8":{"start":{"line":25,"column":17},"end":{"line":25,"column":28}},"9":{"start":{"line":26,"column":38},"end":{"line":26,"column":46}},"10":{"start":{"line":28,"column":2},"end":{"line":36,"column":3}},"11":{"start":{"line":33,"column":4},"end":{"line":35,"column":7}},"12":{"start":{"line":38,"column":2},"end":{"line":42,"column":3}},"13":{"start":{"line":39,"column":4},"end":{"line":41,"column":7}},"14":{"start":{"line":45,"column":2},"end":{"line":47,"column":3}},"15":{"start":{"line":46,"column":4},"end":{"line":46,"column":30}},"16":{"start":{"line":50,"column":26},"end":{"line":53,"column":4}},"17":{"start":{"line":56,"column":13},"end":{"line":56,"column":36}},"18":{"start":{"line":57,"column":2},"end":{"line":62,"column":5}},"19":{"start":{"line":58,"column":4},"end":{"line":61,"column":6}},"20":{"start":{"line":64,"column":2},"end":{"line":64,"column":47}},"21":{"start":{"line":71,"column":20},"end":{"line":95,"column":2}},"22":{"start":{"line":72,"column":25},"end":{"line":72,"column":50}},"23":{"start":{"line":73,"column":17},"end":{"line":73,"column":28}},"24":{"start":{"line":76,"column":23},"end":{"line":76,"column":66}},"25":{"start":{"line":77,"column":2},"end":{"line":79,"column":3}},"26":{"start":{"line":78,"column":4},"end":{"line":78,"column":71}},"27":{"start":{"line":82,"column":2},"end":{"line":86,"column":3}},"28":{"start":{"line":83,"column":4},"end":{"line":85,"column":7}},"29":{"start":{"line":89,"column":19},"end":{"line":92,"column":30}},"30":{"start":{"line":94,"column":2},"end":{"line":94,"column":40}},"31":{"start":{"line":101,"column":22},"end":{"line":142,"column":2}},"32":{"start":{"line":102,"column":25},"end":{"line":102,"column":50}},"33":{"start":{"line":103,"column":17},"end":{"line":103,"column":28}},"34":{"start":{"line":104,"column":19},"end":{"line":104,"column":27}},"35":{"start":{"line":106,"column":21},"end":{"line":106,"column":64}},"36":{"start":{"line":108,"column":2},"end":{"line":112,"column":3}},"37":{"start":{"line":109,"column":4},"end":{"line":111,"column":7}},"38":{"start":{"line":115,"column":2},"end":{"line":119,"column":3}},"39":{"start":{"line":116,"column":4},"end":{"line":118,"column":7}},"40":{"start":{"line":122,"column":18},"end":{"line":126,"column":4}},"41":{"start":{"line":128,"column":27},"end":{"line":131,"column":3}},"42":{"start":{"line":134,"column":2},"end":{"line":134,"column":41}},"43":{"start":{"line":135,"column":2},"end":{"line":135,"column":28}},"44":{"start":{"line":138,"column":13},"end":{"line":138,"column":36}},"45":{"start":{"line":139,"column":2},"end":{"line":139,"column":76}},"46":{"start":{"line":141,"column":2},"end":{"line":141,"column":39}},"47":{"start":{"line":148,"column":27},"end":{"line":191,"column":2}},"48":{"start":{"line":149,"column":25},"end":{"line":149,"column":50}},"49":{"start":{"line":151,"column":2},"end":{"line":153,"column":3}},"50":{"start":{"line":152,"column":4},"end":{"line":152,"column":77}},"51":{"start":{"line":156,"column":23},"end":{"line":159,"column":11}},"52":{"start":{"line":160,"column":2},"end":{"line":162,"column":3}},"53":{"start":{"line":161,"column":4},"end":{"line":161,"column":71}},"54":{"start":{"line":165,"column":2},"end":{"line":169,"column":3}},"55":{"start":{"line":165,"column":48},"end":{"line":165,"column":71}},"56":{"start":{"line":166,"column":4},"end":{"line":168,"column":7}},"57":{"start":{"line":172,"column":2},"end":{"line":175,"column":5}},"58":{"start":{"line":177,"column":20},"end":{"line":179,"column":3}},"59":{"start":{"line":178,"column":14},"end":{"line":178,"column":37}},"60":{"start":{"line":182,"column":13},"end":{"line":182,"column":36}},"61":{"start":{"line":183,"column":2},"end":{"line":186,"column":5}},"62":{"start":{"line":188,"column":2},"end":{"line":190,"column":74}},"63":{"start":{"line":193,"column":0},"end":{"line":199,"column":2}}},"fnMap":{"0":{"name":"(anonymous_0)","decl":{"start":{"line":10,"column":41},"end":{"line":10,"column":42}},"loc":{"start":{"line":10,"column":61},"end":{"line":18,"column":1}},"line":10},"1":{"name":"(anonymous_1)","decl":{"start":{"line":24,"column":40},"end":{"line":24,"column":41}},"loc":{"start":{"line":24,"column":60},"end":{"line":65,"column":1}},"line":24},"2":{"name":"(anonymous_2)","decl":{"start":{"line":57,"column":23},"end":{"line":57,"column":24}},"loc":{"start":{"line":57,"column":42},"end":{"line":62,"column":3}},"line":57},"3":{"name":"(anonymous_3)","decl":{"start":{"line":71,"column":33},"end":{"line":71,"column":34}},"loc":{"start":{"line":71,"column":53},"end":{"line":95,"column":1}},"line":71},"4":{"name":"(anonymous_4)","decl":{"start":{"line":101,"column":35},"end":{"line":101,"column":36}},"loc":{"start":{"line":101,"column":55},"end":{"line":142,"column":1}},"line":101},"5":{"name":"(anonymous_5)","decl":{"start":{"line":148,"column":40},"end":{"line":148,"column":41}},"loc":{"start":{"line":148,"column":60},"end":{"line":191,"column":1}},"line":148},"6":{"name":"(anonymous_6)","decl":{"start":{"line":165,"column":38},"end":{"line":165,"column":39}},"loc":{"start":{"line":165,"column":48},"end":{"line":165,"column":71}},"line":165},"7":{"name":"(anonymous_7)","decl":{"start":{"line":178,"column":4},"end":{"line":178,"column":5}},"loc":{"start":{"line":178,"column":14},"end":{"line":178,"column":37}},"line":178}},"branchMap":{"0":{"loc":{"start":{"line":28,"column":2},"end":{"line":36,"column":3}},"type":"if","locations":[{"start":{"line":28,"column":2},"end":{"line":36,"column":3}},{"start":{},"end":{}}],"line":28},"1":{"loc":{"start":{"line":29,"column":4},"end":{"line":31,"column":28}},"type":"binary-expr","locations":[{"start":{"line":29,"column":4},"end":{"line":29,"column":17}},{"start":{"line":30,"column":4},"end":{"line":30,"column":32}},{"start":{"line":31,"column":4},"end":{"line":31,"column":28}}],"line":29},"2":{"loc":{"start":{"line":38,"column":2},"end":{"line":42,"column":3}},"type":"if","locations":[{"start":{"line":38,"column":2},"end":{"line":42,"column":3}},{"start":{},"end":{}}],"line":38},"3":{"loc":{"start":{"line":38,"column":6},"end":{"line":38,"column":43}},"type":"binary-expr","locations":[{"start":{"line":38,"column":6},"end":{"line":38,"column":29}},{"start":{"line":38,"column":33},"end":{"line":38,"column":43}}],"line":38},"4":{"loc":{"start":{"line":45,"column":2},"end":{"line":47,"column":3}},"type":"if","locations":[{"start":{"line":45,"column":2},"end":{"line":47,"column":3}},{"start":{},"end":{}}],"line":45},"5":{"loc":{"start":{"line":77,"column":2},"end":{"line":79,"column":3}},"type":"if","locations":[{"start":{"line":77,"column":2},"end":{"line":79,"column":3}},{"start":{},"end":{}}],"line":77},"6":{"loc":{"start":{"line":82,"column":2},"end":{"line":86,"column":3}},"type":"if","locations":[{"start":{"line":82,"column":2},"end":{"line":86,"column":3}},{"start":{},"end":{}}],"line":82},"7":{"loc":{"start":{"line":108,"column":2},"end":{"line":112,"column":3}},"type":"if","locations":[{"start":{"line":108,"column":2},"end":{"line":112,"column":3}},{"start":{},"end":{}}],"line":108},"8":{"loc":{"start":{"line":115,"column":2},"end":{"line":119,"column":3}},"type":"if","locations":[{"start":{"line":115,"column":2},"end":{"line":119,"column":3}},{"start":{},"end":{}}],"line":115},"9":{"loc":{"start":{"line":151,"column":2},"end":{"line":153,"column":3}},"type":"if","locations":[{"start":{"line":151,"column":2},"end":{"line":153,"column":3}},{"start":{},"end":{}}],"line":151},"10":{"loc":{"start":{"line":160,"column":2},"end":{"line":162,"column":3}},"type":"if","locations":[{"start":{"line":160,"column":2},"end":{"line":162,"column":3}},{"start":{},"end":{}}],"line":160},"11":{"loc":{"start":{"line":165,"column":2},"end":{"line":169,"column":3}},"type":"if","locations":[{"start":{"line":165,"column":2},"end":{"line":169,"column":3}},{"start":{},"end":{}}],"line":165}},"s":{"0":6,"1":6,"2":6,"3":6,"4":6,"5":1,"6":1,"7":6,"8":4,"9":4,"10":4,"11":1,"12":3,"13":1,"14":2,"15":1,"16":2,"17":2,"18":2,"19":5,"20":2,"21":6,"22":3,"23":3,"24":3,"25":3,"26":1,"27":2,"28":1,"29":1,"30":1,"31":6,"32":3,"33":3,"34":3,"35":3,"36":3,"37":1,"38":2,"39":1,"40":1,"41":1,"42":1,"43":1,"44":1,"45":1,"46":1,"47":6,"48":7,"49":7,"50":0,"51":7,"52":7,"53":2,"54":5,"55":7,"56":2,"57":3,"58":2,"59":2,"60":2,"61":2,"62":2,"63":6},"f":{"0":1,"1":4,"2":5,"3":3,"4":3,"5":7,"6":7,"7":2},"b":{"0":[1,3],"1":[4,3,3],"2":[1,2],"3":[3,1],"4":[1,1],"5":[1,2],"6":[1,1],"7":[1,2],"8":[1,1],"9":[0,7],"10":[2,5],"11":[2,3]},"_coverageSchema":"1a1c01bbd47fc00a2c39e90264f33305004495a9","hash":"a1bd5a2728cd9c780ca63e4f58bb5980c2b0023a"}
,"/Users/AbdullahMohsin/Documents/Code/task-management/backend/controllers/tasksController.js": {"path":"/Users/AbdullahMohsin/Documents/Code/task-management/backend/controllers/tasksController.js","statementMap":{"0":{"start":{"line":1,"column":21},"end":{"line":1,"column":53}},"1":{"start":{"line":2,"column":13},"end":{"line":2,"column":38}},"2":{"start":{"line":3,"column":13},"end":{"line":3,"column":38}},"3":{"start":{"line":4,"column":15},"end":{"line":4,"column":40}},"4":{"start":{"line":5,"column":18},"end":{"line":5,"column":54}},"5":{"start":{"line":11,"column":21},"end":{"line":96,"column":2}},"6":{"start":{"line":12,"column":2},"end":{"line":95,"column":3}},"7":{"start":{"line":14,"column":6},"end":{"line":14,"column":15}},"8":{"start":{"line":17,"column":4},"end":{"line":17,"column":26}},"9":{"start":{"line":18,"column":4},"end":{"line":18,"column":28}},"10":{"start":{"line":19,"column":4},"end":{"line":19,"column":30}},"11":{"start":{"line":19,"column":21},"end":{"line":19,"column":30}},"12":{"start":{"line":20,"column":4},"end":{"line":20,"column":32}},"13":{"start":{"line":20,"column":22},"end":{"line":20,"column":32}},"14":{"start":{"line":21,"column":4},"end":{"line":25,"column":5}},"15":{"start":{"line":22,"column":6},"end":{"line":24,"column":69}},"16":{"start":{"line":26,"column":17},"end":{"line":26,"column":35}},"17":{"start":{"line":28,"column":17},"end":{"line":28,"column":71}},"18":{"start":{"line":30,"column":4},"end":{"line":34,"column":5}},"19":{"start":{"line":31,"column":6},"end":{"line":33,"column":63}},"20":{"start":{"line":37,"column":18},"end":{"line":39,"column":5}},"21":{"start":{"line":42,"column":4},"end":{"line":48,"column":5}},"22":{"start":{"line":43,"column":6},"end":{"line":47,"column":7}},"23":{"start":{"line":44,"column":8},"end":{"line":44,"column":36}},"24":{"start":{"line":45,"column":13},"end":{"line":47,"column":7}},"25":{"start":{"line":46,"column":8},"end":{"line":46,"column":34}},"26":{"start":{"line":51,"column":4},"end":{"line":53,"column":5}},"27":{"start":{"line":52,"column":6},"end":{"line":52,"column":46}},"28":{"start":{"line":56,"column":4},"end":{"line":64,"column":5}},"29":{"start":{"line":57,"column":6},"end":{"line":63,"column":7}},"30":{"start":{"line":59,"column":8},"end":{"line":59,"column":42}},"31":{"start":{"line":60,"column":13},"end":{"line":63,"column":7}},"32":{"start":{"line":62,"column":8},"end":{"line":62,"column":46}},"33":{"start":{"line":67,"column":4},"end":{"line":69,"column":5}},"34":{"start":{"line":68,"column":6},"end":{"line":68,"column":34}},"35":{"start":{"line":72,"column":18},"end":{"line":79,"column":13}},"36":{"start":{"line":82,"column":23},"end":{"line":82,"column":55}},"37":{"start":{"line":84,"column":4},"end":{"line":89,"column":7}},"38":{"start":{"line":91,"column":4},"end":{"line":91,"column":49}},"39":{"start":{"line":92,"column":4},"end":{"line":94,"column":71}},"40":{"start":{"line":102,"column":19},"end":{"line":161,"column":2}},"41":{"start":{"line":103,"column":63},"end":{"line":103,"column":71}},"42":{"start":{"line":105,"column":15},"end":{"line":105,"column":61}},"43":{"start":{"line":106,"column":2},"end":{"line":110,"column":3}},"44":{"start":{"line":107,"column":4},"end":{"line":109,"column":61}},"45":{"start":{"line":112,"column":23},"end":{"line":112,"column":25}},"46":{"start":{"line":113,"column":2},"end":{"line":123,"column":3}},"47":{"start":{"line":115,"column":4},"end":{"line":117,"column":14}},"48":{"start":{"line":118,"column":4},"end":{"line":122,"column":5}},"49":{"start":{"line":119,"column":6},"end":{"line":121,"column":62}},"50":{"start":{"line":125,"column":18},"end":{"line":133,"column":4}},"51":{"start":{"line":134,"column":2},"end":{"line":134,"column":23}},"52":{"start":{"line":137,"column":2},"end":{"line":158,"column":3}},"53":{"start":{"line":138,"column":4},"end":{"line":157,"column":5}},"54":{"start":{"line":139,"column":28},"end":{"line":139,"column":75}},"55":{"start":{"line":139,"column":61},"end":{"line":139,"column":74}},"56":{"start":{"line":140,"column":6},"end":{"line":153,"column":7}},"57":{"start":{"line":141,"column":26},"end":{"line":146,"column":9}},"58":{"start":{"line":147,"column":8},"end":{"line":152,"column":9}},"59":{"start":{"line":148,"column":10},"end":{"line":148,"column":63}},"60":{"start":{"line":150,"column":10},"end":{"line":150,"column":59}},"61":{"start":{"line":155,"column":6},"end":{"line":155,"column":52}},"62":{"start":{"line":160,"column":2},"end":{"line":160,"column":72}},"63":{"start":{"line":167,"column":16},"end":{"line":187,"column":2}},"64":{"start":{"line":168,"column":2},"end":{"line":186,"column":3}},"65":{"start":{"line":169,"column":23},"end":{"line":169,"column":33}},"66":{"start":{"line":172,"column":17},"end":{"line":172,"column":66}},"67":{"start":{"line":174,"column":4},"end":{"line":178,"column":5}},"68":{"start":{"line":175,"column":6},"end":{"line":177,"column":61}},"69":{"start":{"line":180,"column":4},"end":{"line":180,"column":38}},"70":{"start":{"line":182,"column":4},"end":{"line":182,"column":44}},"71":{"start":{"line":183,"column":4},"end":{"line":185,"column":70}},"72":{"start":{"line":193,"column":19},"end":{"line":239,"column":2}},"73":{"start":{"line":194,"column":21},"end":{"line":194,"column":31}},"74":{"start":{"line":195,"column":18},"end":{"line":195,"column":26}},"75":{"start":{"line":196,"column":25},"end":{"line":202,"column":3}},"76":{"start":{"line":204,"column":15},"end":{"line":204,"column":57}},"77":{"start":{"line":205,"column":2},"end":{"line":207,"column":3}},"78":{"start":{"line":206,"column":4},"end":{"line":206,"column":79}},"79":{"start":{"line":209,"column":2},"end":{"line":211,"column":3}},"80":{"start":{"line":210,"column":4},"end":{"line":210,"column":67}},"81":{"start":{"line":214,"column":15},"end":{"line":214,"column":35}},"82":{"start":{"line":215,"column":21},"end":{"line":215,"column":72}},"83":{"start":{"line":215,"column":42},"end":{"line":215,"column":71}},"84":{"start":{"line":216,"column":2},"end":{"line":220,"column":3}},"85":{"start":{"line":217,"column":4},"end":{"line":219,"column":7}},"86":{"start":{"line":222,"column":2},"end":{"line":224,"column":5}},"87":{"start":{"line":223,"column":4},"end":{"line":223,"column":29}},"88":{"start":{"line":226,"column":2},"end":{"line":234,"column":3}},"89":{"start":{"line":227,"column":4},"end":{"line":227,"column":59}},"90":{"start":{"line":228,"column":4},"end":{"line":228,"column":35}},"91":{"start":{"line":229,"column":4},"end":{"line":229,"column":34}},"92":{"start":{"line":230,"column":9},"end":{"line":234,"column":3}},"93":{"start":{"line":231,"column":4},"end":{"line":231,"column":49}},"94":{"start":{"line":232,"column":4},"end":{"line":232,"column":28}},"95":{"start":{"line":233,"column":4},"end":{"line":233,"column":28}},"96":{"start":{"line":236,"column":2},"end":{"line":236,"column":20}},"97":{"start":{"line":238,"column":2},"end":{"line":238,"column":36}},"98":{"start":{"line":245,"column":19},"end":{"line":260,"column":2}},"99":{"start":{"line":246,"column":21},"end":{"line":246,"column":31}},"100":{"start":{"line":248,"column":15},"end":{"line":251,"column":11}},"101":{"start":{"line":253,"column":2},"end":{"line":257,"column":3}},"102":{"start":{"line":254,"column":4},"end":{"line":256,"column":79}},"103":{"start":{"line":259,"column":2},"end":{"line":259,"column":72}},"104":{"start":{"line":266,"column":20},"end":{"line":324,"column":2}},"105":{"start":{"line":267,"column":21},"end":{"line":267,"column":31}},"106":{"start":{"line":268,"column":25},"end":{"line":268,"column":33}},"107":{"start":{"line":271,"column":27},"end":{"line":274,"column":4}},"108":{"start":{"line":277,"column":2},"end":{"line":279,"column":3}},"109":{"start":{"line":278,"column":4},"end":{"line":278,"column":67}},"110":{"start":{"line":280,"column":2},"end":{"line":282,"column":3}},"111":{"start":{"line":281,"column":4},"end":{"line":281,"column":80}},"112":{"start":{"line":285,"column":2},"end":{"line":289,"column":3}},"113":{"start":{"line":286,"column":4},"end":{"line":288,"column":64}},"114":{"start":{"line":291,"column":2},"end":{"line":293,"column":3}},"115":{"start":{"line":291,"column":33},"end":{"line":291,"column":64}},"116":{"start":{"line":292,"column":4},"end":{"line":292,"column":64}},"117":{"start":{"line":295,"column":2},"end":{"line":295,"column":34}},"118":{"start":{"line":296,"column":2},"end":{"line":296,"column":20}},"119":{"start":{"line":298,"column":2},"end":{"line":321,"column":3}},"120":{"start":{"line":300,"column":34},"end":{"line":302,"column":25}},"121":{"start":{"line":301,"column":21},"end":{"line":301,"column":62}},"122":{"start":{"line":302,"column":18},"end":{"line":302,"column":24}},"123":{"start":{"line":305,"column":29},"end":{"line":308,"column":5}},"124":{"start":{"line":311,"column":22},"end":{"line":316,"column":5}},"125":{"start":{"line":317,"column":4},"end":{"line":317,"column":64}},"126":{"start":{"line":319,"column":4},"end":{"line":319,"column":53}},"127":{"start":{"line":323,"column":2},"end":{"line":323,"column":80}},"128":{"start":{"line":330,"column":23},"end":{"line":375,"column":2}},"129":{"start":{"line":331,"column":21},"end":{"line":331,"column":31}},"130":{"start":{"line":332,"column":25},"end":{"line":332,"column":33}},"131":{"start":{"line":334,"column":27},"end":{"line":337,"column":4}},"132":{"start":{"line":339,"column":2},"end":{"line":341,"column":3}},"133":{"start":{"line":340,"column":4},"end":{"line":340,"column":63}},"134":{"start":{"line":342,"column":2},"end":{"line":344,"column":3}},"135":{"start":{"line":343,"column":4},"end":{"line":343,"column":63}},"136":{"start":{"line":346,"column":2},"end":{"line":350,"column":3}},"137":{"start":{"line":347,"column":4},"end":{"line":349,"column":64}},"138":{"start":{"line":351,"column":2},"end":{"line":353,"column":3}},"139":{"start":{"line":351,"column":35},"end":{"line":351,"column":63}},"140":{"start":{"line":352,"column":4},"end":{"line":352,"column":64}},"141":{"start":{"line":356,"column":2},"end":{"line":356,"column":79}},"142":{"start":{"line":356,"column":49},"end":{"line":356,"column":77}},"143":{"start":{"line":357,"column":2},"end":{"line":357,"column":20}},"144":{"start":{"line":359,"column":2},"end":{"line":370,"column":3}},"145":{"start":{"line":361,"column":22},"end":{"line":365,"column":5}},"146":{"start":{"line":366,"column":4},"end":{"line":366,"column":66}},"147":{"start":{"line":368,"column":4},"end":{"line":368,"column":53}},"148":{"start":{"line":372,"column":2},"end":{"line":374,"column":62}},"149":{"start":{"line":381,"column":23},"end":{"line":429,"column":2}},"150":{"start":{"line":382,"column":2},"end":{"line":428,"column":3}},"151":{"start":{"line":383,"column":17},"end":{"line":383,"column":71}},"152":{"start":{"line":385,"column":4},"end":{"line":389,"column":5}},"153":{"start":{"line":386,"column":6},"end":{"line":388,"column":63}},"154":{"start":{"line":392,"column":18},"end":{"line":394,"column":5}},"155":{"start":{"line":397,"column":18},"end":{"line":397,"column":54}},"156":{"start":{"line":400,"column":23},"end":{"line":400,"column":35}},"157":{"start":{"line":401,"column":22},"end":{"line":401,"column":75}},"158":{"start":{"line":401,"column":42},"end":{"line":401,"column":67}},"159":{"start":{"line":402,"column":22},"end":{"line":402,"column":73}},"160":{"start":{"line":402,"column":42},"end":{"line":402,"column":65}},"161":{"start":{"line":403,"column":30},"end":{"line":403,"column":79}},"162":{"start":{"line":403,"column":50},"end":{"line":403,"column":71}},"163":{"start":{"line":404,"column":32},"end":{"line":406,"column":12}},"164":{"start":{"line":405,"column":13},"end":{"line":405,"column":36}},"165":{"start":{"line":407,"column":29},"end":{"line":407,"column":77}},"166":{"start":{"line":407,"column":49},"end":{"line":407,"column":69}},"167":{"start":{"line":410,"column":6},"end":{"line":410,"column":69}},"168":{"start":{"line":412,"column":4},"end":{"line":422,"column":7}},"169":{"start":{"line":424,"column":4},"end":{"line":424,"column":51}},"170":{"start":{"line":425,"column":4},"end":{"line":427,"column":78}},"171":{"start":{"line":431,"column":0},"end":{"line":440,"column":2}}},"fnMap":{"0":{"name":"(anonymous_0)","decl":{"start":{"line":11,"column":34},"end":{"line":11,"column":35}},"loc":{"start":{"line":11,"column":54},"end":{"line":96,"column":1}},"line":11},"1":{"name":"(anonymous_1)","decl":{"start":{"line":102,"column":32},"end":{"line":102,"column":33}},"loc":{"start":{"line":102,"column":52},"end":{"line":161,"column":1}},"line":102},"2":{"name":"(anonymous_2)","decl":{"start":{"line":139,"column":47},"end":{"line":139,"column":48}},"loc":{"start":{"line":139,"column":61},"end":{"line":139,"column":74}},"line":139},"3":{"name":"(anonymous_3)","decl":{"start":{"line":167,"column":29},"end":{"line":167,"column":30}},"loc":{"start":{"line":167,"column":49},"end":{"line":187,"column":1}},"line":167},"4":{"name":"(anonymous_4)","decl":{"start":{"line":193,"column":32},"end":{"line":193,"column":33}},"loc":{"start":{"line":193,"column":52},"end":{"line":239,"column":1}},"line":193},"5":{"name":"(anonymous_5)","decl":{"start":{"line":215,"column":33},"end":{"line":215,"column":34}},"loc":{"start":{"line":215,"column":42},"end":{"line":215,"column":71}},"line":215},"6":{"name":"(anonymous_6)","decl":{"start":{"line":222,"column":15},"end":{"line":222,"column":16}},"loc":{"start":{"line":222,"column":24},"end":{"line":224,"column":3}},"line":222},"7":{"name":"(anonymous_7)","decl":{"start":{"line":245,"column":32},"end":{"line":245,"column":33}},"loc":{"start":{"line":245,"column":52},"end":{"line":260,"column":1}},"line":245},"8":{"name":"(anonymous_8)","decl":{"start":{"line":266,"column":33},"end":{"line":266,"column":34}},"loc":{"start":{"line":266,"column":53},"end":{"line":324,"column":1}},"line":266},"9":{"name":"(anonymous_9)","decl":{"start":{"line":291,"column":26},"end":{"line":291,"column":27}},"loc":{"start":{"line":291,"column":33},"end":{"line":291,"column":64}},"line":291},"10":{"name":"(anonymous_10)","decl":{"start":{"line":301,"column":14},"end":{"line":301,"column":15}},"loc":{"start":{"line":301,"column":21},"end":{"line":301,"column":62}},"line":301},"11":{"name":"(anonymous_11)","decl":{"start":{"line":302,"column":11},"end":{"line":302,"column":12}},"loc":{"start":{"line":302,"column":18},"end":{"line":302,"column":24}},"line":302},"12":{"name":"(anonymous_12)","decl":{"start":{"line":330,"column":36},"end":{"line":330,"column":37}},"loc":{"start":{"line":330,"column":56},"end":{"line":375,"column":1}},"line":330},"13":{"name":"(anonymous_13)","decl":{"start":{"line":351,"column":27},"end":{"line":351,"column":28}},"loc":{"start":{"line":351,"column":35},"end":{"line":351,"column":63}},"line":351},"14":{"name":"(anonymous_14)","decl":{"start":{"line":356,"column":41},"end":{"line":356,"column":42}},"loc":{"start":{"line":356,"column":49},"end":{"line":356,"column":77}},"line":356},"15":{"name":"(anonymous_15)","decl":{"start":{"line":381,"column":36},"end":{"line":381,"column":37}},"loc":{"start":{"line":381,"column":56},"end":{"line":429,"column":1}},"line":381},"16":{"name":"(anonymous_16)","decl":{"start":{"line":401,"column":35},"end":{"line":401,"column":36}},"loc":{"start":{"line":401,"column":42},"end":{"line":401,"column":67}},"line":401},"17":{"name":"(anonymous_17)","decl":{"start":{"line":402,"column":35},"end":{"line":402,"column":36}},"loc":{"start":{"line":402,"column":42},"end":{"line":402,"column":65}},"line":402},"18":{"name":"(anonymous_18)","decl":{"start":{"line":403,"column":43},"end":{"line":403,"column":44}},"loc":{"start":{"line":403,"column":50},"end":{"line":403,"column":71}},"line":403},"19":{"name":"(anonymous_19)","decl":{"start":{"line":405,"column":6},"end":{"line":405,"column":7}},"loc":{"start":{"line":405,"column":13},"end":{"line":405,"column":36}},"line":405},"20":{"name":"(anonymous_20)","decl":{"start":{"line":407,"column":42},"end":{"line":407,"column":43}},"loc":{"start":{"line":407,"column":49},"end":{"line":407,"column":69}},"line":407}},"branchMap":{"0":{"loc":{"start":{"line":19,"column":4},"end":{"line":19,"column":30}},"type":"if","locations":[{"start":{"line":19,"column":4},"end":{"line":19,"column":30}},{"start":{},"end":{}}],"line":19},"1":{"loc":{"start":{"line":20,"column":4},"end":{"line":20,"column":32}},"type":"if","locations":[{"start":{"line":20,"column":4},"end":{"line":20,"column":32}},{"start":{},"end":{}}],"line":20},"2":{"loc":{"start":{"line":21,"column":4},"end":{"line":25,"column":5}},"type":"if","locations":[{"start":{"line":21,"column":4},"end":{"line":25,"column":5}},{"start":{},"end":{}}],"line":21},"3":{"loc":{"start":{"line":21,"column":8},"end":{"line":21,"column":29}},"type":"binary-expr","locations":[{"start":{"line":21,"column":8},"end":{"line":21,"column":16}},{"start":{"line":21,"column":20},"end":{"line":21,"column":29}}],"line":21},"4":{"loc":{"start":{"line":30,"column":4},"end":{"line":34,"column":5}},"type":"if","locations":[{"start":{"line":30,"column":4},"end":{"line":34,"column":5}},{"start":{},"end":{}}],"line":30},"5":{"loc":{"start":{"line":42,"column":4},"end":{"line":48,"column":5}},"type":"if","locations":[{"start":{"line":42,"column":4},"end":{"line":48,"column":5}},{"start":{},"end":{}}],"line":42},"6":{"loc":{"start":{"line":43,"column":6},"end":{"line":47,"column":7}},"type":"if","locations":[{"start":{"line":43,"column":6},"end":{"line":47,"column":7}},{"start":{"line":45,"column":13},"end":{"line":47,"column":7}}],"line":43},"7":{"loc":{"start":{"line":45,"column":13},"end":{"line":47,"column":7}},"type":"if","locations":[{"start":{"line":45,"column":13},"end":{"line":47,"column":7}},{"start":{},"end":{}}],"line":45},"8":{"loc":{"start":{"line":51,"column":4},"end":{"line":53,"column":5}},"type":"if","locations":[{"start":{"line":51,"column":4},"end":{"line":53,"column":5}},{"start":{},"end":{}}],"line":51},"9":{"loc":{"start":{"line":56,"column":4},"end":{"line":64,"column":5}},"type":"if","locations":[{"start":{"line":56,"column":4},"end":{"line":64,"column":5}},{"start":{},"end":{}}],"line":56},"10":{"loc":{"start":{"line":57,"column":6},"end":{"line":63,"column":7}},"type":"if","locations":[{"start":{"line":57,"column":6},"end":{"line":63,"column":7}},{"start":{"line":60,"column":13},"end":{"line":63,"column":7}}],"line":57},"11":{"loc":{"start":{"line":60,"column":13},"end":{"line":63,"column":7}},"type":"if","locations":[{"start":{"line":60,"column":13},"end":{"line":63,"column":7}},{"start":{},"end":{}}],"line":60},"12":{"loc":{"start":{"line":67,"column":4},"end":{"line":69,"column":5}},"type":"if","locations":[{"start":{"line":67,"column":4},"end":{"line":69,"column":5}},{"start":{},"end":{}}],"line":67},"13":{"loc":{"start":{"line":106,"column":2},"end":{"line":110,"column":3}},"type":"if","locations":[{"start":{"line":106,"column":2},"end":{"line":110,"column":3}},{"start":{},"end":{}}],"line":106},"14":{"loc":{"start":{"line":113,"column":2},"end":{"line":123,"column":3}},"type":"if","locations":[{"start":{"line":113,"column":2},"end":{"line":123,"column":3}},{"start":{},"end":{}}],"line":113},"15":{"loc":{"start":{"line":113,"column":6},"end":{"line":113,"column":67}},"type":"binary-expr","locations":[{"start":{"line":113,"column":6},"end":{"line":113,"column":15}},{"start":{"line":113,"column":19},"end":{"line":113,"column":43}},{"start":{"line":113,"column":47},"end":{"line":113,"column":67}}],"line":113},"16":{"loc":{"start":{"line":118,"column":4},"end":{"line":122,"column":5}},"type":"if","locations":[{"start":{"line":118,"column":4},"end":{"line":122,"column":5}},{"start":{},"end":{}}],"line":118},"17":{"loc":{"start":{"line":137,"column":2},"end":{"line":158,"column":3}},"type":"if","locations":[{"start":{"line":137,"column":2},"end":{"line":158,"column":3}},{"start":{},"end":{}}],"line":137},"18":{"loc":{"start":{"line":174,"column":4},"end":{"line":178,"column":5}},"type":"if","locations":[{"start":{"line":174,"column":4},"end":{"line":178,"column":5}},{"start":{},"end":{}}],"line":174},"19":{"loc":{"start":{"line":205,"column":2},"end":{"line":207,"column":3}},"type":"if","locations":[{"start":{"line":205,"column":2},"end":{"line":207,"column":3}},{"start":{},"end":{}}],"line":205},"20":{"loc":{"start":{"line":209,"column":2},"end":{"line":211,"column":3}},"type":"if","locations":[{"start":{"line":209,"column":2},"end":{"line":211,"column":3}},{"start":{},"end":{}}],"line":209},"21":{"loc":{"start":{"line":216,"column":2},"end":{"line":220,"column":3}},"type":"if","locations":[{"start":{"line":216,"column":2},"end":{"line":220,"column":3}},{"start":{},"end":{}}],"line":216},"22":{"loc":{"start":{"line":226,"column":2},"end":{"line":234,"column":3}},"type":"if","locations":[{"start":{"line":226,"column":2},"end":{"line":234,"column":3}},{"start":{"line":230,"column":9},"end":{"line":234,"column":3}}],"line":226},"23":{"loc":{"start":{"line":230,"column":9},"end":{"line":234,"column":3}},"type":"if","locations":[{"start":{"line":230,"column":9},"end":{"line":234,"column":3}},{"start":{},"end":{}}],"line":230},"24":{"loc":{"start":{"line":253,"column":2},"end":{"line":257,"column":3}},"type":"if","locations":[{"start":{"line":253,"column":2},"end":{"line":257,"column":3}},{"start":{},"end":{}}],"line":253},"25":{"loc":{"start":{"line":277,"column":2},"end":{"line":279,"column":3}},"type":"if","locations":[{"start":{"line":277,"column":2},"end":{"line":279,"column":3}},{"start":{},"end":{}}],"line":277},"26":{"loc":{"start":{"line":280,"column":2},"end":{"line":282,"column":3}},"type":"if","locations":[{"start":{"line":280,"column":2},"end":{"line":282,"column":3}},{"start":{},"end":{}}],"line":280},"27":{"loc":{"start":{"line":285,"column":2},"end":{"line":289,"column":3}},"type":"if","locations":[{"start":{"line":285,"column":2},"end":{"line":289,"column":3}},{"start":{},"end":{}}],"line":285},"28":{"loc":{"start":{"line":285,"column":6},"end":{"line":285,"column":59}},"type":"binary-expr","locations":[{"start":{"line":285,"column":6},"end":{"line":285,"column":30}},{"start":{"line":285,"column":34},"end":{"line":285,"column":59}}],"line":285},"29":{"loc":{"start":{"line":291,"column":2},"end":{"line":293,"column":3}},"type":"if","locations":[{"start":{"line":291,"column":2},"end":{"line":293,"column":3}},{"start":{},"end":{}}],"line":291},"30":{"loc":{"start":{"line":301,"column":21},"end":{"line":301,"column":62}},"type":"binary-expr","locations":[{"start":{"line":301,"column":21},"end":{"line":301,"column":27}},{"start":{"line":301,"column":31},"end":{"line":301,"column":62}}],"line":301},"31":{"loc":{"start":{"line":339,"column":2},"end":{"line":341,"column":3}},"type":"if","locations":[{"start":{"line":339,"column":2},"end":{"line":341,"column":3}},{"start":{},"end":{}}],"line":339},"32":{"loc":{"start":{"line":342,"column":2},"end":{"line":344,"column":3}},"type":"if","locations":[{"start":{"line":342,"column":2},"end":{"line":344,"column":3}},{"start":{},"end":{}}],"line":342},"33":{"loc":{"start":{"line":346,"column":2},"end":{"line":350,"column":3}},"type":"if","locations":[{"start":{"line":346,"column":2},"end":{"line":350,"column":3}},{"start":{},"end":{}}],"line":346},"34":{"loc":{"start":{"line":346,"column":6},"end":{"line":346,"column":59}},"type":"binary-expr","locations":[{"start":{"line":346,"column":6},"end":{"line":346,"column":30}},{"start":{"line":346,"column":34},"end":{"line":346,"column":59}}],"line":346},"35":{"loc":{"start":{"line":351,"column":2},"end":{"line":353,"column":3}},"type":"if","locations":[{"start":{"line":351,"column":2},"end":{"line":353,"column":3}},{"start":{},"end":{}}],"line":351},"36":{"loc":{"start":{"line":385,"column":4},"end":{"line":389,"column":5}},"type":"if","locations":[{"start":{"line":385,"column":4},"end":{"line":389,"column":5}},{"start":{},"end":{}}],"line":385},"37":{"loc":{"start":{"line":410,"column":6},"end":{"line":410,"column":69}},"type":"cond-expr","locations":[{"start":{"line":410,"column":23},"end":{"line":410,"column":65}},{"start":{"line":410,"column":68},"end":{"line":410,"column":69}}],"line":410}},"s":{"0":6,"1":6,"2":6,"3":6,"4":6,"5":6,"6":3,"7":3,"8":3,"9":3,"10":3,"11":3,"12":3,"13":3,"14":3,"15":0,"16":3,"17":3,"18":3,"19":1,"20":2,"21":2,"22":0,"23":0,"24":0,"25":0,"26":2,"27":0,"28":2,"29":0,"30":0,"31":0,"32":0,"33":2,"34":0,"35":2,"36":1,"37":1,"38":1,"39":1,"40":6,"41":4,"42":4,"43":4,"44":1,"45":3,"46":3,"47":2,"48":2,"49":0,"50":3,"51":3,"52":3,"53":2,"54":2,"55":2,"56":2,"57":2,"58":2,"59":2,"60":1,"61":0,"62":3,"63":6,"64":2,"65":2,"66":2,"67":2,"68":1,"69":1,"70":0,"71":0,"72":6,"73":1,"74":1,"75":1,"76":1,"77":1,"78":0,"79":1,"80":0,"81":1,"82":1,"83":1,"84":1,"85":0,"86":1,"87":1,"88":1,"89":0,"90":0,"91":0,"92":1,"93":0,"94":0,"95":0,"96":1,"97":1,"98":6,"99":2,"100":2,"101":2,"102":1,"103":1,"104":6,"105":2,"106":2,"107":2,"108":2,"109":0,"110":2,"111":0,"112":2,"113":0,"114":2,"115":0,"116":0,"117":2,"118":2,"119":2,"120":2,"121":2,"122":0,"123":2,"124":2,"125":2,"126":1,"127":2,"128":6,"129":2,"130":2,"131":2,"132":2,"133":0,"134":2,"135":0,"136":2,"137":0,"138":2,"139":2,"140":0,"141":2,"142":2,"143":2,"144":2,"145":2,"146":2,"147":1,"148":2,"149":6,"150":3,"151":3,"152":2,"153":1,"154":1,"155":1,"156":1,"157":1,"158":3,"159":1,"160":3,"161":1,"162":3,"163":1,"164":3,"165":1,"166":3,"167":1,"168":1,"169":1,"170":1,"171":6},"f":{"0":3,"1":4,"2":2,"3":2,"4":1,"5":1,"6":1,"7":2,"8":2,"9":0,"10":2,"11":0,"12":2,"13":2,"14":2,"15":3,"16":3,"17":3,"18":3,"19":3,"20":3},"b":{"0":[3,0],"1":[3,0],"2":[0,3],"3":[3,3],"4":[1,2],"5":[0,2],"6":[0,0],"7":[0,0],"8":[0,2],"9":[0,2],"10":[0,0],"11":[0,0],"12":[0,2],"13":[1,3],"14":[2,1],"15":[3,2,2],"16":[0,2],"17":[2,1],"18":[1,1],"19":[0,1],"20":[0,1],"21":[0,1],"22":[0,1],"23":[0,1],"24":[1,1],"25":[0,2],"26":[0,2],"27":[0,2],"28":[2,2],"29":[0,2],"30":[2,0],"31":[0,2],"32":[0,2],"33":[0,2],"34":[2,2],"35":[0,2],"36":[1,1],"37":[1,0]},"_coverageSchema":"1a1c01bbd47fc00a2c39e90264f33305004495a9","hash":"657156b4c7252ba6d0943d1c569ad0f42fd2b49a"}
,"/Users/AbdullahMohsin/Documents/Code/task-management/backend/controllers/userController.js": {"path":"/Users/AbdullahMohsin/Documents/Code/task-management/backend/controllers/userController.js","statementMap":{"0":{"start":{"line":1,"column":15},"end":{"line":1,"column":40}},"1":{"start":{"line":2,"column":13},"end":{"line":2,"column":38}},"2":{"start":{"line":3,"column":21},"end":{"line":3,"column":53}},"3":{"start":{"line":8,"column":20},"end":{"line":15,"column":2}},"4":{"start":{"line":9,"column":15},"end":{"line":12,"column":11}},"5":{"start":{"line":13,"column":2},"end":{"line":13,"column":72}},"6":{"start":{"line":13,"column":13},"end":{"line":13,"column":72}},"7":{"start":{"line":14,"column":2},"end":{"line":14,"column":17}},"8":{"start":{"line":21,"column":23},"end":{"line":53,"column":2}},"9":{"start":{"line":22,"column":18},"end":{"line":22,"column":26}},"10":{"start":{"line":24,"column":25},"end":{"line":24,"column":51}},"11":{"start":{"line":27,"column":18},"end":{"line":32,"column":10}},"12":{"start":{"line":28,"column":21},"end":{"line":28,"column":49}},"13":{"start":{"line":30,"column":6},"end":{"line":30,"column":30}},"14":{"start":{"line":31,"column":6},"end":{"line":31,"column":17}},"15":{"start":{"line":35,"column":2},"end":{"line":37,"column":3}},"16":{"start":{"line":36,"column":4},"end":{"line":36,"column":74}},"17":{"start":{"line":39,"column":22},"end":{"line":46,"column":39}},"18":{"start":{"line":48,"column":2},"end":{"line":50,"column":3}},"19":{"start":{"line":49,"column":4},"end":{"line":49,"column":63}},"20":{"start":{"line":52,"column":2},"end":{"line":52,"column":43}},"21":{"start":{"line":59,"column":19},"end":{"line":107,"column":2}},"22":{"start":{"line":60,"column":31},"end":{"line":60,"column":40}},"23":{"start":{"line":62,"column":2},"end":{"line":64,"column":3}},"24":{"start":{"line":63,"column":4},"end":{"line":63,"column":75}},"25":{"start":{"line":67,"column":2},"end":{"line":67,"column":29}},"26":{"start":{"line":68,"column":2},"end":{"line":68,"column":32}},"27":{"start":{"line":70,"column":2},"end":{"line":74,"column":3}},"28":{"start":{"line":71,"column":4},"end":{"line":73,"column":67}},"29":{"start":{"line":76,"column":15},"end":{"line":76,"column":33}},"30":{"start":{"line":78,"column":2},"end":{"line":106,"column":3}},"31":{"start":{"line":79,"column":19},"end":{"line":84,"column":5}},"32":{"start":{"line":87,"column":18},"end":{"line":92,"column":13}},"33":{"start":{"line":95,"column":23},"end":{"line":95,"column":56}},"34":{"start":{"line":97,"column":4},"end":{"line":102,"column":7}},"35":{"start":{"line":104,"column":4},"end":{"line":104,"column":42}},"36":{"start":{"line":105,"column":4},"end":{"line":105,"column":61}},"37":{"start":{"line":109,"column":0},"end":{"line":113,"column":2}}},"fnMap":{"0":{"name":"(anonymous_0)","decl":{"start":{"line":8,"column":33},"end":{"line":8,"column":34}},"loc":{"start":{"line":8,"column":53},"end":{"line":15,"column":1}},"line":8},"1":{"name":"(anonymous_1)","decl":{"start":{"line":21,"column":36},"end":{"line":21,"column":37}},"loc":{"start":{"line":21,"column":56},"end":{"line":53,"column":1}},"line":21},"2":{"name":"(anonymous_2)","decl":{"start":{"line":28,"column":12},"end":{"line":28,"column":13}},"loc":{"start":{"line":28,"column":21},"end":{"line":28,"column":49}},"line":28},"3":{"name":"(anonymous_3)","decl":{"start":{"line":29,"column":12},"end":{"line":29,"column":13}},"loc":{"start":{"line":29,"column":26},"end":{"line":32,"column":5}},"line":29},"4":{"name":"(anonymous_4)","decl":{"start":{"line":59,"column":32},"end":{"line":59,"column":33}},"loc":{"start":{"line":59,"column":52},"end":{"line":107,"column":1}},"line":59}},"branchMap":{"0":{"loc":{"start":{"line":13,"column":2},"end":{"line":13,"column":72}},"type":"if","locations":[{"start":{"line":13,"column":2},"end":{"line":13,"column":72}},{"start":{},"end":{}}],"line":13},"1":{"loc":{"start":{"line":35,"column":2},"end":{"line":37,"column":3}},"type":"if","locations":[{"start":{"line":35,"column":2},"end":{"line":37,"column":3}},{"start":{},"end":{}}],"line":35},"2":{"loc":{"start":{"line":48,"column":2},"end":{"line":50,"column":3}},"type":"if","locations":[{"start":{"line":48,"column":2},"end":{"line":50,"column":3}},{"start":{},"end":{}}],"line":48},"3":{"loc":{"start":{"line":62,"column":2},"end":{"line":64,"column":3}},"type":"if","locations":[{"start":{"line":62,"column":2},"end":{"line":64,"column":3}},{"start":{},"end":{}}],"line":62},"4":{"loc":{"start":{"line":62,"column":6},"end":{"line":62,"column":35}},"type":"binary-expr","locations":[{"start":{"line":62,"column":6},"end":{"line":62,"column":12}},{"start":{"line":62,"column":16},"end":{"line":62,"column":35}}],"line":62},"5":{"loc":{"start":{"line":67,"column":9},"end":{"line":67,"column":28}},"type":"binary-expr","locations":[{"start":{"line":67,"column":9},"end":{"line":67,"column":23}},{"start":{"line":67,"column":27},"end":{"line":67,"column":28}}],"line":67},"6":{"loc":{"start":{"line":68,"column":10},"end":{"line":68,"column":31}},"type":"binary-expr","locations":[{"start":{"line":68,"column":10},"end":{"line":68,"column":25}},{"start":{"line":68,"column":29},"end":{"line":68,"column":31}}],"line":68},"7":{"loc":{"start":{"line":70,"column":2},"end":{"line":74,"column":3}},"type":"if","locations":[{"start":{"line":70,"column":2},"end":{"line":74,"column":3}},{"start":{},"end":{}}],"line":70},"8":{"loc":{"start":{"line":70,"column":6},"end":{"line":70,"column":27}},"type":"binary-expr","locations":[{"start":{"line":70,"column":6},"end":{"line":70,"column":14}},{"start":{"line":70,"column":18},"end":{"line":70,"column":27}}],"line":70}},"s":{"0":6,"1":6,"2":6,"3":6,"4":2,"5":2,"6":1,"7":1,"8":6,"9":4,"10":4,"11":4,"12":9,"13":5,"14":5,"15":4,"16":1,"17":3,"18":3,"19":1,"20":2,"21":6,"22":4,"23":4,"24":2,"25":2,"26":2,"27":2,"28":0,"29":2,"30":2,"31":2,"32":2,"33":2,"34":2,"35":0,"36":0,"37":6},"f":{"0":2,"1":4,"2":9,"3":5,"4":4},"b":{"0":[1,1],"1":[1,3],"2":[1,2],"3":[2,2],"4":[4,2],"5":[2,1],"6":[2,1],"7":[0,2],"8":[2,2]},"_coverageSchema":"1a1c01bbd47fc00a2c39e90264f33305004495a9","hash":"36f2e577923c4c6765f092ae8007a375c5a95a5c"}
,"/Users/AbdullahMohsin/Documents/Code/task-management/backend/endpoints/adminEndpoints.js": {"path":"/Users/AbdullahMohsin/Documents/Code/task-management/backend/endpoints/adminEndpoints.js","statementMap":{"0":{"start":{"line":1,"column":16},"end":{"line":1,"column":34}},"1":{"start":{"line":2,"column":15},"end":{"line":2,"column":31}},"2":{"start":{"line":3,"column":24},"end":{"line":3,"column":58}},"3":{"start":{"line":4,"column":24},"end":{"line":4,"column":65}},"4":{"start":{"line":5,"column":18},"end":{"line":7,"column":2}},"5":{"start":{"line":16,"column":4},"end":{"line":16,"column":47}},"6":{"start":{"line":18,"column":0},"end":{"line":18,"column":24}},"7":{"start":{"line":20,"column":0},"end":{"line":23,"column":66}},"8":{"start":{"line":24,"column":0},"end":{"line":31,"column":75}},"9":{"start":{"line":33,"column":0},"end":{"line":36,"column":70}},"10":{"start":{"line":38,"column":0},"end":{"line":46,"column":75}},"11":{"start":{"line":48,"column":0},"end":{"line":50,"column":72}},"12":{"start":{"line":52,"column":0},"end":{"line":54,"column":74}},"13":{"start":{"line":56,"column":0},"end":{"line":59,"column":79}},"14":{"start":{"line":61,"column":0},"end":{"line":61,"column":57}},"15":{"start":{"line":63,"column":0},"end":{"line":63,"column":24}}},"fnMap":{},"branchMap":{},"s":{"0":6,"1":6,"2":6,"3":6,"4":6,"5":6,"6":6,"7":6,"8":6,"9":6,"10":6,"11":6,"12":6,"13":6,"14":6,"15":6},"f":{},"b":{},"_coverageSchema":"1a1c01bbd47fc00a2c39e90264f33305004495a9","hash":"e931e0759f623a344b6dec49339849310475e18b"}
,"/Users/AbdullahMohsin/Documents/Code/task-management/backend/endpoints/authEndpoints.js": {"path":"/Users/AbdullahMohsin/Documents/Code/task-management/backend/endpoints/authEndpoints.js","statementMap":{"0":{"start":{"line":1,"column":16},"end":{"line":1,"column":34}},"1":{"start":{"line":2,"column":15},"end":{"line":2,"column":31}},"2":{"start":{"line":3,"column":23},"end":{"line":3,"column":63}},"3":{"start":{"line":5,"column":0},"end":{"line":5,"column":45}},"4":{"start":{"line":7,"column":0},"end":{"line":7,"column":53}},"5":{"start":{"line":9,"column":0},"end":{"line":9,"column":52}},"6":{"start":{"line":11,"column":0},"end":{"line":11,"column":63}},"7":{"start":{"line":13,"column":0},"end":{"line":13,"column":24}}},"fnMap":{},"branchMap":{},"s":{"0":6,"1":6,"2":6,"3":6,"4":6,"5":6,"6":6,"7":6},"f":{},"b":{},"_coverageSchema":"1a1c01bbd47fc00a2c39e90264f33305004495a9","hash":"d8d00e4c03eec7ee74c54570ac5175cb7f88781b"}
,"/Users/AbdullahMohsin/Documents/Code/task-management/backend/endpoints/conversationsEndpoints.js": {"path":"/Users/AbdullahMohsin/Documents/Code/task-management/backend/endpoints/conversationsEndpoints.js","statementMap":{"0":{"start":{"line":1,"column":16},"end":{"line":1,"column":34}},"1":{"start":{"line":2,"column":15},"end":{"line":2,"column":31}},"2":{"start":{"line":3,"column":31},"end":{"line":3,"column":80}},"3":{"start":{"line":4,"column":12},"end":{"line":4,"column":29}},"4":{"start":{"line":5,"column":22},"end":{"line":5,"column":56}},"5":{"start":{"line":7,"column":0},"end":{"line":7,"column":22}},"6":{"start":{"line":9,"column":0},"end":{"line":12,"column":51}},"7":{"start":{"line":14,"column":0},"end":{"line":17,"column":46}},"8":{"start":{"line":19,"column":0},"end":{"line":22,"column":2}},"9":{"start":{"line":24,"column":0},"end":{"line":24,"column":24}}},"fnMap":{},"branchMap":{},"s":{"0":6,"1":6,"2":6,"3":6,"4":6,"5":6,"6":6,"7":6,"8":6,"9":6},"f":{},"b":{},"_coverageSchema":"1a1c01bbd47fc00a2c39e90264f33305004495a9","hash":"c89597b1978b3bb59b8970b2e52c7efd79b24c1c"}
[...]
agement/backend/middleware/errorHandler.js","statementMap":{"0":{"start":{"line":1,"column":15},"end":{"line":1,"column":40}},"1":{"start":{"line":3,"column":21},"end":{"line":15,"column":1}},"2":{"start":{"line":5,"column":2},"end":{"line":5,"column":41}},"3":{"start":{"line":6,"column":2},"end":{"line":6,"column":60}},"4":{"start":{"line":7,"column":2},"end":{"line":9,"column":3}},"5":{"start":{"line":8,"column":4},"end":{"line":8,"column":21}},"6":{"start":{"line":11,"column":17},"end":{"line":11,"column":38}},"7":{"start":{"line":13,"column":2},"end":{"line":13,"column":21}},"8":{"start":{"line":14,"column":2},"end":{"line":14,"column":52}},"9":{"start":{"line":18,"column":0},"end":{"line":26,"column":3}},"10":{"start":{"line":19,"column":2},"end":{"line":21,"column":5}},"11":{"start":{"line":22,"column":2},"end":{"line":24,"column":3}},"12":{"start":{"line":23,"column":4},"end":{"line":23,"column":73}},"13":{"start":{"line":28,"column":0},"end":{"line":36,"column":3}},"14":{"start":{"line":29,"column":2},"end":{"line":35,"column":3}},"15":{"start":{"line":30,"column":4},"end":{"line":32,"column":7}},"16":{"start":{"line":34,"column":4},"end":{"line":34,"column":50}},"17":{"start":{"line":38,"column":0},"end":{"line":38,"column":30}}},"fnMap":{"0":{"name":"(anonymous_0)","decl":{"start":{"line":3,"column":21},"end":{"line":3,"column":22}},"loc":{"start":{"line":3,"column":46},"end":{"line":15,"column":1}},"line":3},"1":{"name":"(anonymous_1)","decl":{"start":{"line":18,"column":32},"end":{"line":18,"column":33}},"loc":{"start":{"line":18,"column":47},"end":{"line":26,"column":1}},"line":18},"2":{"name":"(anonymous_2)","decl":{"start":{"line":28,"column":33},"end":{"line":28,"column":34}},"loc":{"start":{"line":28,"column":54},"end":{"line":36,"column":1}},"line":28}},"branchMap":{"0":{"loc":{"start":{"line":7,"column":2},"end":{"line":9,"column":3}},"type":"if","locations":[{"start":{"line":7,"column":2},"end":{"line":9,"column":3}},{"start":{},"end":{}}],"line":7},"1":{"loc":{"start":{"line":11,"column":17},"end":{"line":11,"column":38}},"type":"binary-expr","locations":[{"start":{"line":11,"column":17},"end":{"line":11,"column":31}},{"start":{"line":11,"column":35},"end":{"line":11,"column":38}}],"line":11},"2":{"loc":{"start":{"line":22,"column":2},"end":{"line":24,"column":3}},"type":"if","locations":[{"start":{"line":22,"column":2},"end":{"line":24,"column":3}},{"start":{},"end":{}}],"line":22},"3":{"loc":{"start":{"line":29,"column":2},"end":{"line":35,"column":3}},"type":"if","locations":[{"start":{"line":29,"column":2},"end":{"line":35,"column":3}},{"start":{"line":33,"column":9},"end":{"line":35,"column":3}}],"line":29}},"s":{"0":7,"1":7,"2":5,"3":5,"4":5,"5":1,"6":4,"7":4,"8":4,"9":7,"10":0,"11":0,"12":0,"13":7,"14":0,"15":0,"16":0,"17":7},"f":{"0":5,"1":0,"2":0},"b":{"0":[1,4],"1":[4,4],"2":[0,0],"3":[0,0]},"_coverageSchema":"1a1c01bbd47fc00a2c39e90264f33305004495a9","hash":"146164e1ac248337b00ea9c54969a8c25b35ac78"}
,"/Users/AbdullahMohsin/Documents/Code/task-management/backend/middleware/formatJoiErrors.js": {"path":"/Users/AbdullahMohsin/Documents/Code/task-management/backend/middleware/formatJoiErrors.js","statementMap":{"0":{"start":{"line":1,"column":24},"end":{"line":9,"column":1}},"1":{"start":{"line":2,"column":2},"end":{"line":8,"column":3}},"2":{"start":{"line":3,"column":4},"end":{"line":5,"column":7}},"3":{"start":{"line":7,"column":4},"end":{"line":7,"column":14}},"4":{"start":{"line":11,"column":0},"end":{"line":11,"column":33}}},"fnMap":{"0":{"name":"(anonymous_0)","decl":{"start":{"line":1,"column":24},"end":{"line":1,"column":25}},"loc":{"start":{"line":1,"column":49},"end":{"line":9,"column":1}},"line":1}},"branchMap":{"0":{"loc":{"start":{"line":2,"column":2},"end":{"line":8,"column":3}},"type":"if","locations":[{"start":{"line":2,"column":2},"end":{"line":8,"column":3}},{"start":{"line":6,"column":9},"end":{"line":8,"column":3}}],"line":2}},"s":{"0":7,"1":3,"2":2,"3":1,"4":7},"f":{"0":3},"b":{"0":[2,1]},"_coverageSchema":"1a1c01bbd47fc00a2c39e90264f33305004495a9","hash":"90b94a04bd07722022c1d3a99b606c92b0796b30"}
,"/Users/AbdullahMohsin/Documents/Code/task-management/backend/middleware/verifyJWT.js": {"path":"/Users/AbdullahMohsin/Documents/Code/task-management/backend/middleware/verifyJWT.js","statementMap":{"0":{"start":{"line":1,"column":12},"end":{"line":1,"column":35}},"1":{"start":{"line":2,"column":15},"end":{"line":2,"column":40}},"2":{"start":{"line":4,"column":18},"end":{"line":27,"column":1}},"3":{"start":{"line":5,"column":2},"end":{"line":12,"column":3}},"4":{"start":{"line":6,"column":4},"end":{"line":10,"column":6}},"5":{"start":{"line":11,"column":4},"end":{"line":11,"column":18}},"6":{"start":{"line":13,"column":21},"end":{"line":13,"column":75}},"7":{"start":{"line":14,"column":2},"end":{"line":14,"column":69}},"8":{"start":{"line":14,"column":42},"end":{"line":14,"column":69}},"9":{"start":{"line":16,"column":16},"end":{"line":16,"column":40}},"10":{"start":{"line":17,"column":2},"end":{"line":26,"column":5}},"11":{"start":{"line":18,"column":4},"end":{"line":22,"column":5}},"12":{"start":{"line":19,"column":6},"end":{"line":21,"column":65}},"13":{"start":{"line":24,"column":4},"end":{"line":24,"column":28}},"14":{"start":{"line":25,"column":4},"end":{"line":25,"column":11}},"15":{"start":{"line":29,"column":20},"end":{"line":37,"column":1}},"16":{"start":{"line":30,"column":2},"end":{"line":36,"column":5}},"17":{"start":{"line":31,"column":4},"end":{"line":31,"column":30}},"18":{"start":{"line":31,"column":13},"end":{"line":31,"column":30}},"19":{"start":{"line":32,"column":4},"end":{"line":34,"column":5}},"20":{"start":{"line":33,"column":6},"end":{"line":33,"column":33}},"21":{"start":{"line":35,"column":4},"end":{"line":35,"column":11}},"22":{"start":{"line":39,"column":0},"end":{"line":39,"column":44}}},"fnMap":{"0":{"name":"(anonymous_0)","decl":{"start":{"line":4,"column":18},"end":{"line":4,"column":19}},"loc":{"start":{"line":4,"column":38},"end":{"line":27,"column":1}},"line":4},"1":{"name":"(anonymous_1)","decl":{"start":{"line":17,"column":53},"end":{"line":17,"column":54}},"loc":{"start":{"line":17,"column":71},"end":{"line":26,"column":3}},"line":17},"2":{"name":"(anonymous_2)","decl":{"start":{"line":29,"column":20},"end":{"line":29,"column":21}},"loc":{"start":{"line":29,"column":40},"end":{"line":37,"column":1}},"line":29},"3":{"name":"(anonymous_3)","decl":{"start":{"line":30,"column":22},"end":{"line":30,"column":23}},"loc":{"start":{"line":30,"column":31},"end":{"line":36,"column":3}},"line":30}},"branchMap":{"0":{"loc":{"start":{"line":5,"column":2},"end":{"line":12,"column":3}},"type":"if","locations":[{"start":{"line":5,"column":2},"end":{"line":12,"column":3}},{"start":{},"end":{}}],"line":5},"1":{"loc":{"start":{"line":13,"column":21},"end":{"line":13,"column":75}},"type":"binary-expr","locations":[{"start":{"line":13,"column":21},"end":{"line":13,"column":46}},{"start":{"line":13,"column":50},"end":{"line":13,"column":75}}],"line":13},"2":{"loc":{"start":{"line":14,"column":2},"end":{"line":14,"column":69}},"type":"if","locations":[{"start":{"line":14,"column":2},"end":{"line":14,"column":69}},{"start":{},"end":{}}],"line":14},"3":{"loc":{"start":{"line":18,"column":4},"end":{"line":22,"column":5}},"type":"if","locations":[{"start":{"line":18,"column":4},"end":{"line":22,"column":5}},{"start":{},"end":{}}],"line":18},"4":{"loc":{"start":{"line":31,"column":4},"end":{"line":31,"column":30}},"type":"if","locations":[{"start":{"line":31,"column":4},"end":{"line":31,"column":30}},{"start":{},"end":{}}],"line":31},"5":{"loc":{"start":{"line":32,"column":4},"end":{"line":34,"column":5}},"type":"if","locations":[{"start":{"line":32,"column":4},"end":{"line":34,"column":5}},{"start":{},"end":{}}],"line":32}},"s":{"0":5,"1":5,"2":5,"3":36,"4":31,"5":31,"6":5,"7":5,"8":1,"9":4,"10":4,"11":4,"12":1,"13":3,"14":3,"15":5,"16":23,"17":23,"18":0,"19":23,"20":1,"21":22,"22":5},"f":{"0":36,"1":4,"2":23,"3":23},"b":{"0":[31,5],"1":[5,1],"2":[1,4],"3":[1,3],"4":[0,23],"5":[1,22]},"_coverageSchema":"1a1c01bbd47fc00a2c39e90264f33305004495a9","hash":"081a519e12ca98d9fb4011d9279a4e8593336bf3"}
,"/Users/AbdullahMohsin/Documents/Code/task-management/backend/models/Conversation.js": {"path":"/Users/AbdullahMohsin/Documents/Code/task-management/backend/models/Conversation.js","statementMap":{"0":{"start":{"line":1,"column":17},"end":{"line":1,"column":36}},"1":{"start":{"line":2,"column":19},"end":{"line":2,"column":27}},"2":{"start":{"line":4,"column":27},"end":{"line":20,"column":1}},"3":{"start":{"line":22,"column":0},"end":{"line":22,"column":68}}},"fnMap":{},"branchMap":{},"s":{"0":10,"1":10,"2":10,"3":10},"f":{},"b":{},"_coverageSchema":"1a1c01bbd47fc00a2c39e90264f33305004495a9","hash":"45715520aebcfd78821aa77725c38c565dcd18a8"}
,"/Users/AbdullahMohsin/Documents/Code/task-management/backend/models/Invitation.js": {"path":"/Users/AbdullahMohsin/Documents/Code/task-management/backend/models/Invitation.js","statementMap":{"0":{"start":{"line":2,"column":17},"end":{"line":2,"column":36}},"1":{"start":{"line":3,"column":15},"end":{"line":3,"column":30}},"2":{"start":{"line":5,"column":25},"end":{"line":31,"column":1}},"3":{"start":{"line":33,"column":0},"end":{"line":33,"column":64}}},"fnMap":{},"branchMap":{},"s":{"0":7,"1":7,"2":7,"3":7},"f":{},"b":{},"_coverageSchema":"1a1c01bbd47fc00a2c39e90264f33305004495a9","hash":"7ab5118ed2416c12755ded4fa1712865a5d01423"}
,"/Users/AbdullahMohsin/Documents/Code/task-management/backend/models/Message.js": {"path":"/Users/AbdullahMohsin/Documents/Code/task-management/backend/models/Message.js","statementMap":{"0":{"start":{"line":1,"column":17},"end":{"line":1,"column":36}},"1":{"start":{"line":2,"column":19},"end":{"line":2,"column":27}},"2":{"start":{"line":4,"column":22},"end":{"line":24,"column":1}},"3":{"start":{"line":26,"column":0},"end":{"line":26,"column":58}}},"fnMap":{},"branchMap":{},"s":{"0":6,"1":6,"2":6,"3":6},"f":{},"b":{},"_coverageSchema":"1a1c01bbd47fc00a2c39e90264f33305004495a9","hash":"7e3910730a6d2250d73b18f7011e0258aa164d90"}
,"/Users/AbdullahMohsin/Documents/Code/task-management/backend/models/Task.js": {"path":"/Users/AbdullahMohsin/Documents/Code/task-management/backend/models/Task.js","statementMap":{"0":{"start":{"line":1,"column":17},"end":{"line":1,"column":36}},"1":{"start":{"line":2,"column":15},"end":{"line":2,"column":30}},"2":{"start":{"line":4,"column":19},"end":{"line":56,"column":1}},"3":{"start":{"line":58,"column":0},"end":{"line":58,"column":52}}},"fnMap":{},"branchMap":{},"s":{"0":7,"1":7,"2":7,"3":7},"f":{},"b":{},"_coverageSchema":"1a1c01bbd47fc00a2c39e90264f33305004495a9","hash":"a53bd8c9d560b9bc43bdb5a829dd9673061b84ff"}
,"/Users/AbdullahMohsin/Documents/Code/task-management/backend/models/User.js": {"path":"/Users/AbdullahMohsin/Documents/Code/task-management/backend/models/User.js","statementMap":{"0":{"start":{"line":1,"column":17},"end":{"line":1,"column":36}},"1":{"start":{"line":2,"column":15},"end":{"line":2,"column":30}},"2":{"start":{"line":4,"column":19},"end":{"line":49,"column":1}},"3":{"start":{"line":51,"column":0},"end":{"line":51,"column":52}}},"fnMap":{},"branchMap":{},"s":{"0":8,"1":8,"2":8,"3":8},"f":{},"b":{},"_coverageSchema":"1a1c01bbd47fc00a2c39e90264f33305004495a9","hash":"56f161ef7c5014bd28e47168d12e75ec870ed518"}
,"/Users/AbdullahMohsin/Documents/Code/task-management/backend/utils/emailTransporter.js": {"path":"/Users/AbdullahMohsin/Documents/Code/task-management/backend/utils/emailTransporter.js","statementMap":{"0":{"start":{"line":1,"column":19},"end":{"line":1,"column":40}},"1":{"start":{"line":2,"column":13},"end":{"line":2,"column":28}},"2":{"start":{"line":3,"column":15},"end":{"line":3,"column":40}},"3":{"start":{"line":4,"column":11},"end":{"line":4,"column":33}},"4":{"start":{"line":5,"column":19},"end":{"line":5,"column":40}},"5":{"start":{"line":8,"column":20},"end":{"line":16,"column":2}},"6":{"start":{"line":19,"column":21},"end":{"line":19,"column":62}},"7":{"start":{"line":23,"column":2},"end":{"line":31,"column":3}},"8":{"start":{"line":24,"column":21},"end":{"line":24,"column":67}},"9":{"start":{"line":25,"column":27},"end":{"line":25,"column":63}},"10":{"start":{"line":26,"column":21},"end":{"line":26,"column":55}},"11":{"start":{"line":27,"column":4},"end":{"line":27,"column":26}},"12":{"start":{"line":29,"column":4},"end":{"line":29,"column":69}},"13":{"start":{"line":30,"column":4},"end":{"line":30,"column":16}},"14":{"start":{"line":41,"column":2},"end":{"line":99,"column":5}},"15":{"start":{"line":42,"column":4},"end":{"line":98,"column":5}},"16":{"start":{"line":43,"column":24},"end":{"line":43,"column":28}},"17":{"start":{"line":44,"column":28},"end":{"line":48,"column":8}},"18":{"start":{"line":49,"column":6},"end":{"line":67,"column":7}},"19":{"start":{"line":50,"column":8},"end":{"line":66,"column":9}},"20":{"start":{"line":52,"column":10},"end":{"line":52,"column":48}},"21":{"start":{"line":53,"column":10},"end":{"line":59,"column":11}},"22":{"start":{"line":54,"column":12},"end":{"line":58,"column":14}},"23":{"start":{"line":60,"column":10},"end":{"line":60,"column":71}},"24":{"start":{"line":62,"column":10},"end":{"line":62,"column":61}},"25":{"start":{"line":63,"column":10},"end":{"line":65,"column":11}},"26":{"start":{"line":64,"column":12},"end":{"line":64,"column":73}},"27":{"start":{"line":69,"column":6},"end":{"line":71,"column":7}},"28":{"start":{"line":70,"column":8},"end":{"line":70,"column":62}},"29":{"start":{"line":73,"column":26},"end":{"line":77,"column":7}},"30":{"start":{"line":80,"column":6},"end":{"line":82,"column":7}},"31":{"start":{"line":81,"column":8},"end":{"line":81,"column":39}},"32":{"start":{"line":84,"column":6},"end":{"line":86,"column":7}},"33":{"start":{"line":85,"column":8},"end":{"line":85,"column":32}},"34":{"start":{"line":88,"column":6},"end":{"line":95,"column":9}},"35":{"start":{"line":89,"column":8},"end":{"line":92,"column":9}},"36":{"start":{"line":90,"column":10},"end":{"line":90,"column":54}},"37":{"start":{"line":91,"column":10},"end":{"line":91,"column":31}},"38":{"start":{"line":93,"column":8},"end":{"line":93,"column":67}},"39":{"start":{"line":94,"column":8},"end":{"line":94,"column":22}},"40":{"start":{"line":97,"column":6},"end":{"line":97,"column":20}},"41":{"start":{"line":102,"column":0},"end":{"line":102,"column":27}}},"fnMap":{"0":{"name":"compileTemplate","decl":{"start":{"line":22,"column":15},"end":{"line":22,"column":30}},"loc":{"start":{"line":22,"column":51},"end":{"line":32,"column":1}},"line":22},"1":{"name":"sendEmail","decl":{"start":{"line":34,"column":9},"end":{"line":34,"column":18}},"loc":{"start":{"line":40,"column":2},"end":{"line":100,"column":1}},"line":40},"2":{"name":"(anonymous_2)","decl":{"start":{"line":41,"column":21},"end":{"line":41,"column":22}},"loc":{"start":{"line":41,"column":48},"end":{"line":99,"column":3}},"line":41},"3":{"name":"(anonymous_3)","decl":{"start":{"line":88,"column":40},"end":{"line":88,"column":41}},"loc":{"start":{"line":88,"column":57},"end":{"line":95,"column":7}},"line":88}},"branchMap":{"0":{"loc":{"start":{"line":36,"column":2},"end":{"line":36,"column":17}},"type":"default-arg","locations":[{"start":{"line":36,"column":13},"end":{"line":36,"column":17}}],"line":36},"1":{"loc":{"start":{"line":37,"column":2},"end":{"line":37,"column":20}},"type":"default-arg","locations":[{"start":{"line":37,"column":18},"end":{"line":37,"column":20}}],"line":37},"2":{"loc":{"start":{"line":38,"column":2},"end":{"line":38,"column":16}},"type":"default-arg","locations":[{"start":{"line":38,"column":12},"end":{"line":38,"column":16}}],"line":38},"3":{"loc":{"start":{"line":39,"column":2},"end":{"line":39,"column":13}},"type":"default-arg","locations":[{"start":{"line":39,"column":9},"end":{"line":39,"column":13}}],"line":39},"4":{"loc":{"start":{"line":49,"column":6},"end":{"line":67,"column":7}},"type":"if","locations":[{"start":{"line":49,"column":6},"end":{"line":67,"column":7}},{"start":{},"end":{}}],"line":49},"5":{"loc":{"start":{"line":53,"column":10},"end":{"line":59,"column":11}},"type":"if","locations":[{"start":{"line":53,"column":10},"end":{"line":59,"column":11}},{"start":{},"end":{}}],"line":53},"6":{"loc":{"start":{"line":63,"column":10},"end":{"line":65,"column":11}},"type":"if","locations":[{"start":{"line":63,"column":10},"end":{"line":65,"column":11}},{"start":{},"end":{}}],"line":63},"7":{"loc":{"start":{"line":69,"column":6},"end":{"line":71,"column":7}},"type":"if","locations":[{"start":{"line":69,"column":6},"end":{"line":71,"column":7}},{"start":{},"end":{}}],"line":69},"8":{"loc":{"start":{"line":69,"column":10},"end":{"line":69,"column":31}},"type":"binary-expr","locations":[{"start":{"line":69,"column":10},"end":{"line":69,"column":22}},{"start":{"line":69,"column":26},"end":{"line":69,"column":31}}],"line":69},"9":{"loc":{"start":{"line":80,"column":6},"end":{"line":82,"column":7}},"type":"if","locations":[{"start":{"line":80,"column":6},"end":{"line":82,"column":7}},{"start":{},"end":{}}],"line":80},"10":{"loc":{"start":{"line":84,"column":6},"end":{"line":86,"column":7}},"type":"if","locations":[{"start":{"line":84,"column":6},"end":{"line":86,"column":7}},{"start":{},"end":{}}],"line":84},"11":{"loc":{"start":{"line":89,"column":8},"end":{"line":92,"column":9}},"type":"if","locations":[{"start":{"line":89,"column":8},"end":{"line":92,"column":9}},{"start":{},"end":{}}],"line":89}},"s":{"0":8,"1":8,"2":8,"3":8,"4":8,"5":8,"6":8,"7":0,"8":0,"9":0,"10":0,"11":0,"12":0,"13":0,"14":0,"15":0,"16":0,"17":0,"18":0,"19":0,"20":0,"21":0,"22":0,"23":0,"24":0,"25":0,"26":0,"27":0,"28":0,"29":0,"30":0,"31":0,"32":0,"33":0,"34":0,"35":0,"36":0,"37":0,"38":0,"39":0,"40":0,"41":8},"f":{"0":0,"1":0,"2":0,"3":0},"b":{"0":[0],"1":[0],"2":[0],"3":[0],"4":[0,0],"5":[0,0],"6":[0,0],"7":[0,0],"8":[0,0],"9":[0,0],"10":[0,0],"11":[0,0]},"_coverageSchema":"1a1c01bbd47fc00a2c39e90264f33305004495a9","hash":"7417336d821254558f74ec23fe6f858cb4d45ada"}
,"/Users/AbdullahMohsin/Documents/Code/task-management/backend/utils/validation/adminSchemas.js": {"path":"/Users/AbdullahMohsin/Documents/Code/task-management/backend/utils/validation/adminSchemas.js","statementMap":{"0":{"start":{"line":1,"column":12},"end":{"line":1,"column":26}},"1":{"start":{"line":7,"column":23},"end":{"line":7,"column":63}},"2":{"start":{"line":13,"column":25},"end":{"line":16,"column":2}},"3":{"start":{"line":22,"column":25},"end":{"line":26,"column":2}},"4":{"start":{"line":32,"column":25},"end":{"line":39,"column":9}},"5":{"start":{"line":45,"column":25},"end":{"line":51,"column":2}},"6":{"start":{"line":58,"column":25},"end":{"line":75,"column":9}},"7":{"start":{"line":81,"column":26},"end":{"line":83,"column":2}},"8":{"start":{"line":85,"column":26},"end":{"line":87,"column":2}},"9":{"start":{"line":90,"column":0},"end":{"line":98,"column":2}}},"fnMap":{},"branchMap":{},"s":{"0":6,"1":6,"2":6,"3":6,"4":6,"5":6,"6":6,"7":6,"8":6,"9":6},"f":{},"b":{},"_coverageSchema":"1a1c01bbd47fc00a2c39e90264f33305004495a9","hash":"6c6ca2e4cf2c2dc45f6ccdd8403d8457f8fbab41"}
,"/Users/AbdullahMohsin/Documents/Code/task-management/backend/utils/validation/taskSchemas.js": {"path":"/Users/AbdullahMohsin/Documents/Code/task-management/backend/utils/validation/taskSchemas.js","statementMap":{"0":{"start":{"line":1,"column":12},"end":{"line":1,"column":26}},"1":{"start":{"line":3,"column":21},"end":{"line":5,"column":2}},"2":{"start":{"line":7,"column":25},"end":{"line":9,"column":2}},"3":{"start":{"line":12,"column":25},"end":{"line":18,"column":2}},"4":{"start":{"line":21,"column":25},"end":{"line":35,"column":2}},"5":{"start":{"line":37,"column":0},"end":{"line":42,"column":2}}},"fnMap":{},"branchMap":{},"s":{"0":6,"1":6,"2":6,"3":6,"4":6,"5":6},"f":{},"b":{},"_coverageSchema":"1a1c01bbd47fc00a2c39e90264f33305004495a9","hash":"291007d68dd55e9a8d3c278a5be14bb9a8e40a65"}
}
