TN:
SF:app.js
FN:30,(anonymous_0)
FNF:1
FNH:0
FNDA:0,(anonymous_0)
DA:1,6
DA:2,6
DA:3,6
DA:4,6
DA:5,6
DA:6,6
DA:8,6
DA:9,0
DA:11,6
DA:18,6
DA:20,6
DA:21,6
DA:22,6
DA:24,6
DA:25,6
DA:26,6
DA:27,6
DA:28,6
DA:30,6
DA:31,0
DA:34,6
DA:35,6
DA:37,6
LF:23
LH:21
BRDA:8,0,0,0
BRDA:8,0,1,6
BRF:2
BRH:1
end_of_record
TN:
SF:controllers/adminController.js
FN:17,(anonymous_0)
FN:68,(anonymous_1)
FN:126,(anonymous_2)
FN:152,(anonymous_3)
FN:169,(anonymous_4)
FN:224,(anonymous_5)
FN:245,(anonymous_6)
FN:270,(anonymous_7)
FN:280,(anonymous_8)
FN:301,(anonymous_9)
FN:317,(anonymous_10)
FN:340,(anonymous_11)
FN:363,(anonymous_12)
FN:397,(anonymous_13)
FN:409,(anonymous_14)
FN:422,(anonymous_15)
FNF:16
FNH:16
FNDA:2,(anonymous_0)
FNDA:4,(anonymous_1)
FNDA:2,(anonymous_2)
FNDA:2,(anonymous_3)
FNDA:4,(anonymous_4)
FNDA:1,(anonymous_5)
FNDA:2,(anonymous_6)
FNDA:2,(anonymous_7)
FNDA:1,(anonymous_8)
FNDA:2,(anonymous_9)
FNDA:2,(anonymous_10)
FNDA:2,(anonymous_11)
FNDA:2,(anonymous_12)
FNDA:2,(anonymous_13)
FNDA:2,(anonymous_14)
FNDA:2,(anonymous_15)
DA:1,7
DA:2,7
DA:3,7
DA:4,7
DA:5,7
DA:6,7
DA:7,7
DA:8,7
DA:9,7
DA:17,7
DA:18,2
DA:22,2
DA:23,2
DA:26,2
DA:27,2
DA:30,2
DA:31,0
DA:36,2
DA:39,2
DA:40,2
DA:41,0
DA:50,2
DA:53,2
DA:56,2
DA:68,7
DA:69,4
DA:70,4
DA:73,4
DA:74,4
DA:76,4
DA:77,4
DA:80,4
DA:85,4
DA:86,1
DA:88,3
DA:89,1
DA:92,2
DA:93,2
DA:100,2
DA:101,2
DA:102,2
DA:103,2
DA:104,2
DA:107,1
DA:108,1
DA:113,1
DA:115,0
DA:116,0
DA:126,7
DA:127,2
DA:128,2
DA:130,2
DA:136,2
DA:141,2
DA:142,1
DA:145,1
DA:152,7
DA:153,2
DA:155,2
DA:156,2
DA:157,1
DA:160,1
DA:169,7
DA:170,4
DA:172,4
DA:173,4
DA:176,4
DA:177,4
DA:180,4
DA:181,2
DA:186,2
DA:188,2
DA:190,2
DA:192,2
DA:193,2
DA:195,2
DA:197,2
DA:200,2
DA:203,2
DA:206,2
DA:213,0
DA:214,0
DA:224,7
DA:225,1
DA:227,1
DA:236,1
DA:238,1
DA:245,7
DA:246,2
DA:247,2
DA:249,2
DA:250,2
DA:251,2
DA:253,2
DA:254,1
DA:257,1
DA:259,0
DA:260,0
DA:270,7
DA:271,2
DA:272,2
DA:274,2
DA:276,2
DA:277,1
DA:279,1
DA:280,1
DA:281,1
DA:284,1
DA:285,0
DA:286,0
DA:287,1
DA:288,0
DA:289,0
DA:292,1
DA:294,1
DA:301,7
DA:302,2
DA:304,2
DA:306,2
DA:307,1
DA:310,1
DA:317,7
DA:318,2
DA:320,2
DA:329,2
DA:330,1
DA:333,1
DA:340,7
DA:341,2
DA:343,2
DA:352,2
DA:353,1
DA:356,1
DA:363,7
DA:364,2
DA:365,2
DA:367,2
DA:372,2
DA:373,0
DA:378,2
DA:379,0
DA:382,2
DA:383,1
DA:386,1
DA:387,1
DA:390,1
DA:397,7
DA:398,2
DA:399,2
DA:401,2
DA:403,2
DA:404,1
DA:409,2
DA:410,1
DA:413,1
DA:422,7
DA:423,2
DA:444,2
DA:522,1
DA:554,7
LF:160
LH:146
BRDA:26,0,0,1
BRDA:26,0,1,1
BRDA:27,1,0,1
BRDA:27,1,1,1
BRDA:30,2,0,0
BRDA:30,2,1,2
BRDA:30,3,0,2
BRDA:30,3,1,2
BRDA:40,4,0,0
BRDA:40,4,1,2
BRDA:85,5,0,1
BRDA:85,5,1,3
BRDA:88,6,0,1
BRDA:88,6,1,2
BRDA:131,7,0,2
BRDA:131,7,1,2
BRDA:132,8,0,2
BRDA:132,8,1,1
BRDA:133,9,0,2
BRDA:133,9,1,1
BRDA:134,10,0,2
BRDA:134,10,1,1
BRDA:141,11,0,1
BRDA:141,11,1,1
BRDA:156,12,0,1
BRDA:156,12,1,1
BRDA:176,13,0,1
BRDA:176,13,1,3
BRDA:177,14,0,1
BRDA:177,14,1,3
BRDA:180,15,0,2
BRDA:180,15,1,2
BRDA:180,16,0,4
BRDA:180,16,1,3
BRDA:253,17,0,1
BRDA:253,17,1,1
BRDA:276,18,0,1
BRDA:276,18,1,1
BRDA:284,19,0,0
BRDA:284,19,1,1
BRDA:287,20,0,0
BRDA:287,20,1,1
BRDA:306,21,0,1
BRDA:306,21,1,1
BRDA:329,22,0,1
BRDA:329,22,1,1
BRDA:352,23,0,1
BRDA:352,23,1,1
BRDA:372,24,0,0
BRDA:372,24,1,2
BRDA:378,25,0,0
BRDA:378,25,1,2
BRDA:382,26,0,1
BRDA:382,26,1,1
BRDA:403,27,0,1
BRDA:403,27,1,1
BRF:56
BRH:50
end_of_record
TN:
SF:controllers/authController.js
FN:12,(anonymous_0)
FN:76,(anonymous_1)
FN:127,(anonymous_2)
FN:162,(anonymous_3)
FNF:4
FNH:4
FNDA:4,(anonymous_0)
FNDA:6,(anonymous_1)
FNDA:3,(anonymous_2)
FNDA:4,(anonymous_3)
DA:1,6
DA:2,6
DA:3,6
DA:4,6
DA:5,6
DA:6,6
DA:12,6
DA:13,4
DA:15,4
DA:19,4
DA:20,1
DA:23,3
DA:24,3
DA:25,1
DA:28,2
DA:29,1
DA:34,1
DA:46,1
DA:58,1
DA:59,1
DA:60,1
DA:61,1
DA:63,1
DA:69,1
DA:76,6
DA:77,6
DA:78,6
DA:81,5
DA:82,5
DA:83,3
DA:85,2
DA:90,3
DA:93,3
DA:99,3
DA:101,2
DA:105,2
DA:107,1
DA:119,1
DA:120,1
DA:127,6
DA:128,3
DA:129,3
DA:132,3
DA:133,3
DA:134,1
DA:137,2
DA:138,2
DA:139,1
DA:143,1
DA:146,1
DA:153,1
DA:154,1
DA:156,1
DA:162,6
DA:164,4
DA:165,3
DA:168,3
DA:170,3
DA:172,1
DA:175,2
DA:178,2
DA:181,2
DA:184,1
DA:185,1
DA:186,1
DA:188,1
DA:189,1
DA:192,6
LF:68
LH:68
BRDA:19,0,0,1
BRDA:19,0,1,3
BRDA:24,1,0,1
BRDA:24,1,1,2
BRDA:28,2,0,1
BRDA:28,2,1,1
BRDA:78,3,0,1
BRDA:78,3,1,5
BRDA:85,4,0,1
BRDA:85,4,1,1
BRDA:90,5,0,0
BRDA:90,5,1,3
BRDA:90,6,0,3
BRDA:90,6,1,3
BRDA:99,7,0,1
BRDA:99,7,1,2
BRDA:105,8,0,1
BRDA:105,8,1,1
BRDA:133,9,0,1
BRDA:133,9,1,2
BRDA:138,10,0,1
BRDA:138,10,1,1
BRDA:164,11,0,1
BRDA:164,11,1,3
BRDA:175,12,0,0
BRDA:175,12,1,2
BRDA:181,13,0,1
BRDA:181,13,1,1
BRF:28
BRH:26
end_of_record
TN:
SF:controllers/conversationsController.js
FN:10,(anonymous_0)
FN:24,(anonymous_1)
FN:57,(anonymous_2)
FN:71,(anonymous_3)
FN:101,(anonymous_4)
FN:148,(anonymous_5)
FN:165,(anonymous_6)
FN:178,(anonymous_7)
FNF:8
FNH:8
FNDA:1,(anonymous_0)
FNDA:4,(anonymous_1)
FNDA:5,(anonymous_2)
FNDA:3,(anonymous_3)
FNDA:3,(anonymous_4)
FNDA:7,(anonymous_5)
FNDA:7,(anonymous_6)
FNDA:2,(anonymous_7)
DA:1,6
DA:2,6
DA:3,6
DA:4,6
DA:10,6
DA:12,1
DA:17,1
DA:24,6
DA:25,4
DA:26,4
DA:28,4
DA:33,1
DA:38,3
DA:39,1
DA:45,2
DA:46,1
DA:50,2
DA:56,2
DA:57,2
DA:58,5
DA:64,2
DA:71,6
DA:72,3
DA:73,3
DA:76,3
DA:77,3
DA:78,1
DA:82,2
DA:83,1
DA:89,1
DA:94,1
DA:101,6
DA:102,3
DA:103,3
DA:104,3
DA:106,3
DA:108,3
DA:109,1
DA:115,2
DA:116,1
DA:122,1
DA:128,1
DA:134,1
DA:135,1
DA:138,1
DA:139,1
DA:141,1
DA:148,6
DA:149,7
DA:151,7
DA:152,0
DA:156,7
DA:160,7
DA:161,2
DA:165,7
DA:166,2
DA:172,3
DA:177,2
DA:178,2
DA:182,2
DA:183,2
DA:188,2
DA:193,6
LF:63
LH:62
BRDA:28,0,0,1
BRDA:28,0,1,3
BRDA:29,1,0,4
BRDA:29,1,1,3
BRDA:29,1,2,3
BRDA:38,2,0,1
BRDA:38,2,1,2
BRDA:38,3,0,3
BRDA:38,3,1,1
BRDA:45,4,0,1
BRDA:45,4,1,1
BRDA:77,5,0,1
BRDA:77,5,1,2
BRDA:82,6,0,1
BRDA:82,6,1,1
BRDA:108,7,0,1
BRDA:108,7,1,2
BRDA:115,8,0,1
BRDA:115,8,1,1
BRDA:151,9,0,0
BRDA:151,9,1,7
BRDA:160,10,0,2
BRDA:160,10,1,5
BRDA:165,11,0,2
BRDA:165,11,1,3
BRF:25
BRH:24
end_of_record
TN:
SF:controllers/tasksController.js
FN:11,(anonymous_0)
FN:102,(anonymous_1)
FN:139,(anonymous_2)
FN:167,(anonymous_3)
FN:193,(anonymous_4)
FN:215,(anonymous_5)
FN:222,(anonymous_6)
FN:245,(anonymous_7)
FN:266,(anonymous_8)
FN:291,(anonymous_9)
FN:301,(anonymous_10)
FN:302,(anonymous_11)
FN:330,(anonymous_12)
FN:351,(anonymous_13)
FN:356,(anonymous_14)
FN:381,(anonymous_15)
FN:401,(anonymous_16)
FN:402,(anonymous_17)
FN:403,(anonymous_18)
FN:405,(anonymous_19)
FN:407,(anonymous_20)
FNF:21
FNH:19
FNDA:3,(anonymous_0)
FNDA:4,(anonymous_1)
FNDA:2,(anonymous_2)
FNDA:2,(anonymous_3)
FNDA:1,(anonymous_4)
FNDA:1,(anonymous_5)
FNDA:1,(anonymous_6)
FNDA:2,(anonymous_7)
FNDA:2,(anonymous_8)
FNDA:0,(anonymous_9)
FNDA:2,(anonymous_10)
FNDA:0,(anonymous_11)
FNDA:2,(anonymous_12)
FNDA:2,(anonymous_13)
FNDA:2,(anonymous_14)
FNDA:3,(anonymous_15)
FNDA:3,(anonymous_16)
FNDA:3,(anonymous_17)
FNDA:3,(anonymous_18)
FNDA:3,(anonymous_19)
FNDA:3,(anonymous_20)
DA:1,6
DA:2,6
DA:3,6
DA:4,6
DA:5,6
DA:11,6
DA:12,3
DA:14,3
DA:17,3
DA:18,3
DA:19,3
DA:20,3
DA:21,3
DA:22,0
DA:26,3
DA:28,3
DA:30,3
DA:31,1
DA:37,2
DA:42,2
DA:43,0
DA:44,0
DA:45,0
DA:46,0
DA:51,2
DA:52,0
DA:56,2
DA:57,0
DA:59,0
DA:60,0
DA:62,0
DA:67,2
DA:68,0
DA:72,2
DA:82,1
DA:84,1
DA:91,1
DA:92,1
DA:102,6
DA:103,4
DA:105,4
DA:106,4
DA:107,1
DA:112,3
DA:113,3
DA:115,2
DA:118,2
DA:119,0
DA:125,3
DA:134,3
DA:137,3
DA:138,2
DA:139,2
DA:140,2
DA:141,2
DA:147,2
DA:148,2
DA:150,1
DA:155,0
DA:160,3
DA:167,6
DA:168,2
DA:169,2
DA:172,2
DA:174,2
DA:175,1
DA:180,1
DA:182,0
DA:183,0
DA:193,6
DA:194,1
DA:195,1
DA:196,1
DA:204,1
DA:205,1
DA:206,0
DA:209,1
DA:210,0
DA:214,1
DA:215,1
DA:216,1
DA:217,0
DA:222,1
DA:223,1
DA:226,1
DA:227,0
DA:228,0
DA:229,0
DA:230,1
DA:231,0
DA:232,0
DA:233,0
DA:236,1
DA:238,1
DA:245,6
DA:246,2
DA:248,2
DA:253,2
DA:254,1
DA:259,1
DA:266,6
DA:267,2
DA:268,2
DA:271,2
DA:277,2
DA:278,0
DA:280,2
DA:281,0
DA:285,2
DA:286,0
DA:291,2
DA:292,0
DA:295,2
DA:296,2
DA:298,2
DA:300,2
DA:301,2
DA:302,0
DA:305,2
DA:311,2
DA:317,2
DA:319,1
DA:323,2
DA:330,6
DA:331,2
DA:332,2
DA:334,2
DA:339,2
DA:340,0
DA:342,2
DA:343,0
DA:346,2
DA:347,0
DA:351,2
DA:352,0
DA:356,2
DA:357,2
DA:359,2
DA:361,2
DA:366,2
DA:368,1
DA:372,2
DA:381,6
DA:382,3
DA:383,3
DA:385,2
DA:386,1
DA:392,1
DA:397,1
DA:400,1
DA:401,3
DA:402,3
DA:403,3
DA:404,1
DA:405,3
DA:407,3
DA:410,1
DA:412,1
DA:424,1
DA:425,1
DA:431,6
LF:161
LH:128
BRDA:19,0,0,3
BRDA:19,0,1,0
BRDA:20,1,0,3
BRDA:20,1,1,0
BRDA:21,2,0,0
BRDA:21,2,1,3
BRDA:21,3,0,3
BRDA:21,3,1,3
BRDA:30,4,0,1
BRDA:30,4,1,2
BRDA:42,5,0,0
BRDA:42,5,1,2
BRDA:43,6,0,0
BRDA:43,6,1,0
BRDA:45,7,0,0
BRDA:45,7,1,0
BRDA:51,8,0,0
BRDA:51,8,1,2
BRDA:56,9,0,0
BRDA:56,9,1,2
BRDA:57,10,0,0
BRDA:57,10,1,0
BRDA:60,11,0,0
BRDA:60,11,1,0
BRDA:67,12,0,0
BRDA:67,12,1,2
BRDA:106,13,0,1
BRDA:106,13,1,3
BRDA:113,14,0,2
BRDA:113,14,1,1
BRDA:113,15,0,3
BRDA:113,15,1,2
BRDA:113,15,2,2
BRDA:118,16,0,0
BRDA:118,16,1,2
BRDA:137,17,0,2
BRDA:137,17,1,1
BRDA:174,18,0,1
BRDA:174,18,1,1
BRDA:205,19,0,0
BRDA:205,19,1,1
BRDA:209,20,0,0
BRDA:209,20,1,1
BRDA:216,21,0,0
BRDA:216,21,1,1
BRDA:226,22,0,0
BRDA:226,22,1,1
BRDA:230,23,0,0
BRDA:230,23,1,1
BRDA:253,24,0,1
BRDA:253,24,1,1
BRDA:277,25,0,0
BRDA:277,25,1,2
BRDA:280,26,0,0
BRDA:280,26,1,2
BRDA:285,27,0,0
BRDA:285,27,1,2
BRDA:285,28,0,2
BRDA:285,28,1,2
BRDA:291,29,0,0
BRDA:291,29,1,2
BRDA:301,30,0,2
BRDA:301,30,1,0
BRDA:339,31,0,0
BRDA:339,31,1,2
BRDA:342,32,0,0
BRDA:342,32,1,2
BRDA:346,33,0,0
BRDA:346,33,1,2
BRDA:346,34,0,2
BRDA:346,34,1,2
BRDA:351,35,0,0
BRDA:351,35,1,2
BRDA:385,36,0,1
BRDA:385,36,1,1
BRDA:410,37,0,1
BRDA:410,37,1,0
BRF:77
BRH:46
end_of_record
TN:
SF:controllers/userController.js
FN:8,(anonymous_0)
FN:21,(anonymous_1)
FN:28,(anonymous_2)
FN:29,(anonymous_3)
FN:59,(anonymous_4)
FNF:5
FNH:5
FNDA:2,(anonymous_0)
FNDA:4,(anonymous_1)
FNDA:9,(anonymous_2)
FNDA:5,(anonymous_3)
FNDA:4,(anonymous_4)
DA:1,6
DA:2,6
DA:3,6
DA:8,6
DA:9,2
DA:13,2
DA:14,1
DA:21,6
DA:22,4
DA:24,4
DA:27,4
DA:28,9
DA:30,5
DA:31,5
DA:35,4
DA:36,1
DA:39,3
DA:48,3
DA:49,1
DA:52,2
DA:59,6
DA:60,4
DA:62,4
DA:63,2
DA:67,2
DA:68,2
DA:70,2
DA:71,0
DA:76,2
DA:78,2
DA:79,2
DA:87,2
DA:95,2
DA:97,2
DA:104,0
DA:105,0
DA:109,6
LF:37
LH:34
BRDA:13,0,0,1
BRDA:13,0,1,1
BRDA:35,1,0,1
BRDA:35,1,1,3
BRDA:48,2,0,1
BRDA:48,2,1,2
BRDA:62,3,0,2
BRDA:62,3,1,2
BRDA:62,4,0,4
BRDA:62,4,1,2
BRDA:67,5,0,2
BRDA:67,5,1,1
BRDA:68,6,0,2
BRDA:68,6,1,1
BRDA:70,7,0,0
BRDA:70,7,1,2
BRDA:70,8,0,2
BRDA:70,8,1,2
BRF:18
BRH:17
end_of_record
TN:
SF:endpoints/adminEndpoints.js
FNF:0
FNH:0
DA:1,6
DA:2,6
DA:3,6
DA:4,6
DA:5,6
DA:16,6
DA:18,6
DA:20,6
DA:24,6
DA:33,6
DA:38,6
DA:48,6
DA:52,6
DA:56,6
DA:61,6
DA:63,6
LF:16
LH:16
BRF:0
BRH:0
end_of_record
TN:
SF:endpoints/authEndpoints.js
FNF:0
FNH:0
DA:1,6
DA:2,6
DA:3,6
DA:5,6
DA:7,6
DA:9,6
DA:11,6
DA:13,6
LF:8
LH:8
BRF:0
BRH:0
end_of_record
TN:
SF:endpoints/conversationsEndpoints.js
FNF:0
FNH:0
DA:1,6
DA:2,6
DA:3,6
DA:4,6
DA:5,6
DA:7,6
DA:9,6
DA:14,6
DA:19,6
DA:24,6
LF:10
LH:10
BRF:0
BRH:0
end_of_record
TN:
SF:endpoints/tasksEndpoints.js
FNF:0
FNH:0
DA:1,6
DA:2,6
DA:3,6
DA:11,6
DA:12,6
DA:13,6
DA:16,6
DA:18,6
DA:24,6
DA:26,6
DA:36,6
DA:49,6
LF:12
LH:12
BRF:0
BRH:0
end_of_record
TN:
SF:endpoints/userEndpoints.js
FNF:0
FNH:0
DA:1,6
DA:2,6
DA:3,6
DA:4,6
DA:6,6
DA:8,6
DA:13,6
DA:15,6
LF:8
LH:8
BRF:0
BRH:0
end_of_record
TN:
SF:logs/logger.js
FN:30,(anonymous_0)
FNF:1
FNH:1
FNDA:5,(anonymous_0)
DA:1,13
DA:2,13
DA:5,13
DA:15,13
DA:30,5
DA:43,13
LF:6
LH:6
BRF:0
BRH:0
end_of_record
TN:
SF:middleware/errorHandler.js
FN:3,(anonymous_0)
FN:18,(anonymous_1)
FN:28,(anonymous_2)
FNF:3
FNH:1
FNDA:5,(anonymous_0)
FNDA:0,(anonymous_1)
FNDA:0,(anonymous_2)
DA:1,7
DA:3,7
DA:5,5
DA:6,5
DA:7,5
DA:8,1
DA:11,4
DA:13,4
DA:14,4
DA:18,7
DA:19,0
DA:22,0
DA:23,0
DA:28,7
DA:29,0
DA:30,0
DA:34,0
DA:38,7
LF:18
LH:12
BRDA:7,0,0,1
BRDA:7,0,1,4
BRDA:11,1,0,4
BRDA:11,1,1,4
BRDA:22,2,0,0
BRDA:22,2,1,0
BRDA:29,3,0,0
BRDA:29,3,1,0
BRF:8
BRH:4
end_of_record
TN:
SF:middleware/formatJoiErrors.js
FN:1,(anonymous_0)
FNF:1
FNH:1
FNDA:3,(anonymous_0)
DA:1,7
DA:2,3
DA:3,2
DA:7,1
DA:11,7
LF:5
LH:5
BRDA:2,0,0,2
BRDA:2,0,1,1
BRF:2
BRH:2
end_of_record
TN:
SF:middleware/verifyJWT.js
FN:4,(anonymous_0)
FN:17,(anonymous_1)
FN:29,(anonymous_2)
FN:30,(anonymous_3)
FNF:4
FNH:4
FNDA:36,(anonymous_0)
FNDA:4,(anonymous_1)
FNDA:23,(anonymous_2)
FNDA:23,(anonymous_3)
DA:1,5
DA:2,5
DA:4,5
DA:5,36
DA:6,31
DA:11,31
DA:13,5
DA:14,5
DA:16,4
DA:17,4
DA:18,4
DA:19,1
DA:24,3
DA:25,3
DA:29,5
DA:30,23
DA:31,23
DA:32,23
DA:33,1
DA:35,22
DA:39,5
LF:21
LH:21
BRDA:5,0,0,31
BRDA:5,0,1,5
BRDA:13,1,0,5
BRDA:13,1,1,1
BRDA:14,2,0,1
BRDA:14,2,1,4
BRDA:18,3,0,1
BRDA:18,3,1,3
BRDA:31,4,0,0
BRDA:31,4,1,23
BRDA:32,5,0,1
BRDA:32,5,1,22
BRF:12
BRH:11
end_of_record
TN:
SF:models/Conversation.js
FNF:0
FNH:0
DA:1,10
DA:2,10
DA:4,10
DA:22,10
LF:4
LH:4
BRF:0
BRH:0
end_of_record
TN:
SF:models/Invitation.js
FNF:0
FNH:0
DA:2,7
DA:3,7
DA:5,7
DA:33,7
LF:4
LH:4
BRF:0
BRH:0
end_of_record
TN:
SF:models/Message.js
FNF:0
FNH:0
DA:1,6
DA:2,6
DA:4,6
DA:26,6
LF:4
LH:4
BRF:0
BRH:0
end_of_record
TN:
SF:models/Task.js
FNF:0
FNH:0
DA:1,7
DA:2,7
DA:4,7
DA:58,7
LF:4
LH:4
BRF:0
BRH:0
end_of_record
TN:
SF:models/User.js
FNF:0
FNH:0
DA:1,8
DA:2,8
DA:4,8
DA:51,8
LF:4
LH:4
BRF:0
BRH:0
end_of_record
TN:
SF:utils/emailTransporter.js
FN:22,compileTemplate
FN:34,sendEmail
FN:41,(anonymous_2)
FN:88,(anonymous_3)
FNF:4
FNH:0
FNDA:0,compileTemplate
FNDA:0,sendEmail
FNDA:0,(anonymous_2)
FNDA:0,(anonymous_3)
DA:1,8
DA:2,8
DA:3,8
DA:4,8
DA:5,8
DA:8,8
DA:19,8
DA:23,0
DA:24,0
DA:25,0
DA:26,0
DA:27,0
DA:29,0
DA:30,0
DA:41,0
DA:42,0
DA:43,0
DA:44,0
DA:49,0
DA:50,0
DA:52,0
DA:53,0
DA:54,0
DA:60,0
DA:62,0
DA:63,0
DA:64,0
DA:69,0
DA:70,0
DA:73,0
DA:80,0
DA:81,0
DA:84,0
DA:85,0
DA:88,0
DA:89,0
DA:90,0
DA:91,0
DA:93,0
DA:94,0
DA:97,0
DA:102,8
LF:42
LH:8
BRDA:36,0,0,0
BRDA:37,1,0,0
BRDA:38,2,0,0
BRDA:39,3,0,0
BRDA:49,4,0,0
BRDA:49,4,1,0
BRDA:53,5,0,0
BRDA:53,5,1,0
BRDA:63,6,0,0
BRDA:63,6,1,0
BRDA:69,7,0,0
BRDA:69,7,1,0
BRDA:69,8,0,0
BRDA:69,8,1,0
BRDA:80,9,0,0
BRDA:80,9,1,0
BRDA:84,10,0,0
BRDA:84,10,1,0
BRDA:89,11,0,0
BRDA:89,11,1,0
BRF:20
BRH:0
end_of_record
TN:
SF:utils/validation/adminSchemas.js
FNF:0
FNH:0
DA:1,6
DA:7,6
DA:13,6
DA:22,6
DA:32,6
DA:45,6
DA:58,6
DA:81,6
DA:85,6
DA:90,6
LF:10
LH:10
BRF:0
BRH:0
end_of_record
TN:
SF:utils/validation/taskSchemas.js
FNF:0
FNH:0
DA:1,6
DA:3,6
DA:7,6
DA:12,6
DA:21,6
DA:37,6
LF:6
LH:6
BRF:0
BRH:0
end_of_record
